This file contains any messages produced by compilers while
running configure, to aid debugging if configure makes a mistake.

It was created by core configure 4.7, which was
generated by GNU Autoconf 2.68.  Invocation command line was

  $ ./configure 

## --------- ##
## Platform. ##
## --------- ##

hostname = jlamps-Studio-XPS-9100
uname -m = x86_64
uname -r = 3.10.9timemodv2-64bit
uname -s = Linux
uname -v = #1 SMP Wed Apr 1 14:14:21 CDT 2015

/usr/bin/uname -p = unknown
/bin/uname -X     = unknown

/bin/arch              = unknown
/usr/bin/arch -k       = unknown
/usr/convex/getsysinfo = unknown
/usr/bin/hostinfo      = unknown
/bin/machine           = unknown
/usr/bin/oslevel       = unknown
/bin/universe          = unknown

PATH: /usr/local/sbin
PATH: /usr/local/bin
PATH: /usr/sbin
PATH: /usr/bin
PATH: /sbin
PATH: /bin
PATH: /usr/games


## ----------- ##
## Core tests. ##
## ----------- ##

configure:2445: checking for a BSD-compatible install
configure:2513: result: /usr/bin/install -c
configure:2524: checking whether build environment is sane
configure:2574: result: yes
configure:2715: checking for a thread-safe mkdir -p
configure:2754: result: /bin/mkdir -p
configure:2767: checking for gawk
configure:2783: found /usr/bin/gawk
configure:2794: result: gawk
configure:2805: checking whether make sets $(MAKE)
configure:2827: result: yes
configure:3004: checking for gawk
configure:3031: result: gawk
configure:3090: checking for gcc
configure:3106: found /usr/bin/gcc
configure:3117: result: gcc
configure:3346: checking for C compiler version
configure:3355: gcc --version >&5
gcc (Ubuntu/Linaro 4.6.3-1ubuntu5) 4.6.3
Copyright (C) 2011 Free Software Foundation, Inc.
This is free software; see the source for copying conditions.  There is NO
warranty; not even for MERCHANTABILITY or FITNESS FOR A PARTICULAR PURPOSE.

configure:3366: $? = 0
configure:3355: gcc -v >&5
Using built-in specs.
COLLECT_GCC=gcc
COLLECT_LTO_WRAPPER=/usr/lib/gcc/x86_64-linux-gnu/4.6/lto-wrapper
Target: x86_64-linux-gnu
Configured with: ../src/configure -v --with-pkgversion='Ubuntu/Linaro 4.6.3-1ubuntu5' --with-bugurl=file:///usr/share/doc/gcc-4.6/README.Bugs --enable-languages=c,c++,fortran,objc,obj-c++ --prefix=/usr --program-suffix=-4.6 --enable-shared --enable-linker-build-id --with-system-zlib --libexecdir=/usr/lib --without-included-gettext --enable-threads=posix --with-gxx-include-dir=/usr/include/c++/4.6 --libdir=/usr/lib --enable-nls --with-sysroot=/ --enable-clocale=gnu --enable-libstdcxx-debug --enable-libstdcxx-time=yes --enable-gnu-unique-object --enable-plugin --enable-objc-gc --disable-werror --with-arch-32=i686 --with-tune=generic --enable-checking=release --build=x86_64-linux-gnu --host=x86_64-linux-gnu --target=x86_64-linux-gnu
Thread model: posix
gcc version 4.6.3 (Ubuntu/Linaro 4.6.3-1ubuntu5) 
configure:3366: $? = 0
configure:3355: gcc -V >&5
gcc: error: unrecognized option '-V'
gcc: fatal error: no input files
compilation terminated.
configure:3366: $? = 4
configure:3355: gcc -qversion >&5
gcc: error: unrecognized option '-qversion'
gcc: fatal error: no input files
compilation terminated.
configure:3366: $? = 4
configure:3386: checking whether the C compiler works
configure:3408: gcc  -O3 -Werror -Wall -D_GNU_SOURCE   conftest.c  >&5
configure:3412: $? = 0
configure:3460: result: yes
configure:3463: checking for C compiler default output file name
configure:3465: result: a.out
configure:3471: checking for suffix of executables
configure:3478: gcc -o conftest  -O3 -Werror -Wall -D_GNU_SOURCE   conftest.c  >&5
configure:3482: $? = 0
configure:3504: result: 
configure:3526: checking whether we are cross compiling
configure:3534: gcc -o conftest  -O3 -Werror -Wall -D_GNU_SOURCE   conftest.c  >&5
configure:3538: $? = 0
configure:3545: ./conftest
configure:3549: $? = 0
configure:3564: result: no
configure:3569: checking for suffix of object files
configure:3591: gcc -c  -O3 -Werror -Wall -D_GNU_SOURCE  conftest.c >&5
configure:3595: $? = 0
configure:3616: result: o
configure:3620: checking whether we are using the GNU C compiler
configure:3639: gcc -c  -O3 -Werror -Wall -D_GNU_SOURCE  conftest.c >&5
configure:3639: $? = 0
configure:3648: result: yes
configure:3657: checking whether gcc accepts -g
configure:3677: gcc -c -g  conftest.c >&5
configure:3677: $? = 0
configure:3718: result: yes
configure:3735: checking for gcc option to accept ISO C89
configure:3799: gcc  -c  -O3 -Werror -Wall -D_GNU_SOURCE  conftest.c >&5
configure:3799: $? = 0
configure:3812: result: none needed
configure:3843: checking for style of include used by make
configure:3871: result: GNU
configure:3897: checking dependency style of gcc
configure:4008: result: gcc3
configure:4024: checking whether make sets $(MAKE)
configure:4046: result: yes
configure:4098: checking for ranlib
configure:4114: found /usr/bin/ranlib
configure:4125: result: ranlib
configure:4181: checking for a Python interpreter with version >= 2.6
configure:4198: python -c import sys # split strings by '.' and convert to numeric. Append some zeros # because we need at least 4 digits for the hex conversion. # map returns an iterator in Python 3.0 and a list in 2.x minver = list(map(int, '2.6'.split('.'))) + [0, 0, 0] minverhex = 0 # xrange is not present in Python 3.0 and range returns an iterator for i in list(range(0, 4)): minverhex = (minverhex << 8) + minver[i] sys.exit(sys.hexversion < minverhex)
configure:4201: $? = 0
configure:4207: result: python
configure:4215: checking for python
configure:4233: found /usr/bin/python
configure:4245: result: /usr/bin/python
configure:4263: checking for python version
configure:4270: result: 2.7
configure:4282: checking for python platform
configure:4289: result: linux2
configure:4296: checking for python script directory
configure:4324: result: ${prefix}/lib/python2.7/dist-packages
configure:4333: checking for python extension module directory
configure:4361: result: ${exec_prefix}/lib/python2.7/dist-packages
configure:4381: checking for brctl
configure:4397: found /sbin/brctl
configure:4409: result: /sbin
configure:4419: checking for sysctl
configure:4435: found /sbin/sysctl
configure:4447: result: /sbin
configure:4457: checking for ebtables
configure:4473: found /sbin/ebtables
configure:4485: result: /sbin
configure:4495: checking for ip
configure:4511: found /sbin/ip
configure:4523: result: /sbin
configure:4533: checking for tc
configure:4549: found /sbin/tc
configure:4561: result: /sbin
configure:4571: checking for ifconfig
configure:4587: found /sbin/ifconfig
configure:4599: result: /sbin
configure:4609: checking for ngctl
configure:4637: result: no
configure:4647: checking for vimage
configure:4675: result: no
configure:4685: checking for mount
configure:4701: found /bin/mount
configure:4713: result: /bin
configure:4723: checking for umount
configure:4739: found /bin/umount
configure:4751: result: /bin
configure:4761: checking for convert
configure:4777: found /usr/bin/convert
configure:4789: result: yes
configure:4802: checking for help2man
configure:4818: found /usr/bin/help2man
configure:4830: result: yes
configure:4872: checking for NgMkSockNode in -lnetgraph
configure:4897: gcc -o conftest  -O3 -Werror -Wall -D_GNU_SOURCE   conftest.c -lnetgraph   >&5
/usr/bin/ld: cannot find -lnetgraph
collect2: ld returned 1 exit status
configure:4897: $? = 1
configure: failed program was:
| /* confdefs.h */
| #define PACKAGE_NAME "core"
| #define PACKAGE_TARNAME "core"
| #define PACKAGE_VERSION "4.7"
| #define PACKAGE_STRING "core 4.7"
| #define PACKAGE_BUGREPORT "core-dev@pf.itd.nrl.navy.mil"
| #define PACKAGE_URL ""
| #define PACKAGE "core"
| #define VERSION "4.7"
| /* end confdefs.h.  */
| 
| /* Override any GCC internal prototype to avoid an error.
|    Use char because int might match the return type of a GCC
|    builtin and then its argument prototype would still apply.  */
| #ifdef __cplusplus
| extern "C"
| #endif
| char NgMkSockNode ();
| int
| main ()
| {
| return NgMkSockNode ();
|   ;
|   return 0;
| }
configure:4906: result: no
configure:4924: checking how to run the C preprocessor
configure:4955: gcc -E  conftest.c
configure:4955: $? = 0
configure:4969: gcc -E  conftest.c
conftest.c:11:28: fatal error: ac_nonexistent.h: No such file or directory
compilation terminated.
configure:4969: $? = 1
configure: failed program was:
| /* confdefs.h */
| #define PACKAGE_NAME "core"
| #define PACKAGE_TARNAME "core"
| #define PACKAGE_VERSION "4.7"
| #define PACKAGE_STRING "core 4.7"
| #define PACKAGE_BUGREPORT "core-dev@pf.itd.nrl.navy.mil"
| #define PACKAGE_URL ""
| #define PACKAGE "core"
| #define VERSION "4.7"
| /* end confdefs.h.  */
| #include <ac_nonexistent.h>
configure:4994: result: gcc -E
configure:5014: gcc -E  conftest.c
configure:5014: $? = 0
configure:5028: gcc -E  conftest.c
conftest.c:11:28: fatal error: ac_nonexistent.h: No such file or directory
compilation terminated.
configure:5028: $? = 1
configure: failed program was:
| /* confdefs.h */
| #define PACKAGE_NAME "core"
| #define PACKAGE_TARNAME "core"
| #define PACKAGE_VERSION "4.7"
| #define PACKAGE_STRING "core 4.7"
| #define PACKAGE_BUGREPORT "core-dev@pf.itd.nrl.navy.mil"
| #define PACKAGE_URL ""
| #define PACKAGE "core"
| #define VERSION "4.7"
| /* end confdefs.h.  */
| #include <ac_nonexistent.h>
configure:5057: checking for grep that handles long lines and -e
configure:5115: result: /bin/grep
configure:5120: checking for egrep
configure:5182: result: /bin/grep -E
configure:5187: checking for ANSI C header files
configure:5207: gcc -c  -O3 -Werror -Wall -D_GNU_SOURCE  conftest.c >&5
configure:5207: $? = 0
configure:5280: gcc -o conftest  -O3 -Werror -Wall -D_GNU_SOURCE   conftest.c  >&5
configure:5280: $? = 0
configure:5280: ./conftest
configure:5280: $? = 0
configure:5291: result: yes
configure:5304: checking for sys/types.h
configure:5304: gcc -c  -O3 -Werror -Wall -D_GNU_SOURCE  conftest.c >&5
configure:5304: $? = 0
configure:5304: result: yes
configure:5304: checking for sys/stat.h
configure:5304: gcc -c  -O3 -Werror -Wall -D_GNU_SOURCE  conftest.c >&5
configure:5304: $? = 0
configure:5304: result: yes
configure:5304: checking for stdlib.h
configure:5304: gcc -c  -O3 -Werror -Wall -D_GNU_SOURCE  conftest.c >&5
configure:5304: $? = 0
configure:5304: result: yes
configure:5304: checking for string.h
configure:5304: gcc -c  -O3 -Werror -Wall -D_GNU_SOURCE  conftest.c >&5
configure:5304: $? = 0
configure:5304: result: yes
configure:5304: checking for memory.h
configure:5304: gcc -c  -O3 -Werror -Wall -D_GNU_SOURCE  conftest.c >&5
configure:5304: $? = 0
configure:5304: result: yes
configure:5304: checking for strings.h
configure:5304: gcc -c  -O3 -Werror -Wall -D_GNU_SOURCE  conftest.c >&5
configure:5304: $? = 0
configure:5304: result: yes
configure:5304: checking for inttypes.h
configure:5304: gcc -c  -O3 -Werror -Wall -D_GNU_SOURCE  conftest.c >&5
configure:5304: $? = 0
configure:5304: result: yes
configure:5304: checking for stdint.h
configure:5304: gcc -c  -O3 -Werror -Wall -D_GNU_SOURCE  conftest.c >&5
configure:5304: $? = 0
configure:5304: result: yes
configure:5304: checking for unistd.h
configure:5304: gcc -c  -O3 -Werror -Wall -D_GNU_SOURCE  conftest.c >&5
configure:5304: $? = 0
configure:5304: result: yes
configure:5319: checking arpa/inet.h usability
configure:5319: gcc -c  -O3 -Werror -Wall -D_GNU_SOURCE  conftest.c >&5
configure:5319: $? = 0
configure:5319: result: yes
configure:5319: checking arpa/inet.h presence
configure:5319: gcc -E  conftest.c
configure:5319: $? = 0
configure:5319: result: yes
configure:5319: checking for arpa/inet.h
configure:5319: result: yes
configure:5319: checking fcntl.h usability
configure:5319: gcc -c  -O3 -Werror -Wall -D_GNU_SOURCE  conftest.c >&5
configure:5319: $? = 0
configure:5319: result: yes
configure:5319: checking fcntl.h presence
configure:5319: gcc -E  conftest.c
configure:5319: $? = 0
configure:5319: result: yes
configure:5319: checking for fcntl.h
configure:5319: result: yes
configure:5319: checking limits.h usability
configure:5319: gcc -c  -O3 -Werror -Wall -D_GNU_SOURCE  conftest.c >&5
configure:5319: $? = 0
configure:5319: result: yes
configure:5319: checking limits.h presence
configure:5319: gcc -E  conftest.c
configure:5319: $? = 0
configure:5319: result: yes
configure:5319: checking for limits.h
configure:5319: result: yes
configure:5319: checking for stdint.h
configure:5319: result: yes
configure:5319: checking for stdlib.h
configure:5319: result: yes
configure:5319: checking for string.h
configure:5319: result: yes
configure:5319: checking sys/ioctl.h usability
configure:5319: gcc -c  -O3 -Werror -Wall -D_GNU_SOURCE  conftest.c >&5
configure:5319: $? = 0
configure:5319: result: yes
configure:5319: checking sys/ioctl.h presence
configure:5319: gcc -E  conftest.c
configure:5319: $? = 0
configure:5319: result: yes
configure:5319: checking for sys/ioctl.h
configure:5319: result: yes
configure:5319: checking sys/mount.h usability
configure:5319: gcc -c  -O3 -Werror -Wall -D_GNU_SOURCE  conftest.c >&5
configure:5319: $? = 0
configure:5319: result: yes
configure:5319: checking sys/mount.h presence
configure:5319: gcc -E  conftest.c
configure:5319: $? = 0
configure:5319: result: yes
configure:5319: checking for sys/mount.h
configure:5319: result: yes
configure:5319: checking sys/socket.h usability
configure:5319: gcc -c  -O3 -Werror -Wall -D_GNU_SOURCE  conftest.c >&5
configure:5319: $? = 0
configure:5319: result: yes
configure:5319: checking sys/socket.h presence
configure:5319: gcc -E  conftest.c
configure:5319: $? = 0
configure:5319: result: yes
configure:5319: checking for sys/socket.h
configure:5319: result: yes
configure:5319: checking sys/time.h usability
configure:5319: gcc -c  -O3 -Werror -Wall -D_GNU_SOURCE  conftest.c >&5
configure:5319: $? = 0
configure:5319: result: yes
configure:5319: checking sys/time.h presence
configure:5319: gcc -E  conftest.c
configure:5319: $? = 0
configure:5319: result: yes
configure:5319: checking for sys/time.h
configure:5319: result: yes
configure:5319: checking termios.h usability
configure:5319: gcc -c  -O3 -Werror -Wall -D_GNU_SOURCE  conftest.c >&5
configure:5319: $? = 0
configure:5319: result: yes
configure:5319: checking termios.h presence
configure:5319: gcc -E  conftest.c
configure:5319: $? = 0
configure:5319: result: yes
configure:5319: checking for termios.h
configure:5319: result: yes
configure:5319: checking for unistd.h
configure:5319: result: yes
configure:5331: checking for inline
configure:5347: gcc -c  -O3 -Werror -Wall -D_GNU_SOURCE  conftest.c >&5
configure:5347: $? = 0
configure:5355: result: inline
configure:5373: checking for int32_t
configure:5373: gcc -c  -O3 -Werror -Wall -D_GNU_SOURCE  conftest.c >&5
conftest.c: In function 'main':
conftest.c:70:12: error: variable 'test_array' set but not used [-Werror=unused-but-set-variable]
cc1: all warnings being treated as errors
configure:5373: $? = 1
configure: failed program was:
| /* confdefs.h */
| #define PACKAGE_NAME "core"
| #define PACKAGE_TARNAME "core"
| #define PACKAGE_VERSION "4.7"
| #define PACKAGE_STRING "core 4.7"
| #define PACKAGE_BUGREPORT "core-dev@pf.itd.nrl.navy.mil"
| #define PACKAGE_URL ""
| #define PACKAGE "core"
| #define VERSION "4.7"
| #define STDC_HEADERS 1
| #define HAVE_SYS_TYPES_H 1
| #define HAVE_SYS_STAT_H 1
| #define HAVE_STDLIB_H 1
| #define HAVE_STRING_H 1
| #define HAVE_MEMORY_H 1
| #define HAVE_STRINGS_H 1
| #define HAVE_INTTYPES_H 1
| #define HAVE_STDINT_H 1
| #define HAVE_UNISTD_H 1
| #define HAVE_ARPA_INET_H 1
| #define HAVE_FCNTL_H 1
| #define HAVE_LIMITS_H 1
| #define HAVE_STDINT_H 1
| #define HAVE_STDLIB_H 1
| #define HAVE_STRING_H 1
| #define HAVE_SYS_IOCTL_H 1
| #define HAVE_SYS_MOUNT_H 1
| #define HAVE_SYS_SOCKET_H 1
| #define HAVE_SYS_TIME_H 1
| #define HAVE_TERMIOS_H 1
| #define HAVE_UNISTD_H 1
| /* end confdefs.h.  */
| #include <stdio.h>
| #ifdef HAVE_SYS_TYPES_H
| # include <sys/types.h>
| #endif
| #ifdef HAVE_SYS_STAT_H
| # include <sys/stat.h>
| #endif
| #ifdef STDC_HEADERS
| # include <stdlib.h>
| # include <stddef.h>
| #else
| # ifdef HAVE_STDLIB_H
| #  include <stdlib.h>
| # endif
| #endif
| #ifdef HAVE_STRING_H
| # if !defined STDC_HEADERS && defined HAVE_MEMORY_H
| #  include <memory.h>
| # endif
| # include <string.h>
| #endif
| #ifdef HAVE_STRINGS_H
| # include <strings.h>
| #endif
| #ifdef HAVE_INTTYPES_H
| # include <inttypes.h>
| #endif
| #ifdef HAVE_STDINT_H
| # include <stdint.h>
| #endif
| #ifdef HAVE_UNISTD_H
| # include <unistd.h>
| #endif
| 	     enum { N = 32 / 2 - 1 };
| int
| main ()
| {
| static int test_array [1 - 2 * !(0 < (int32_t) (((((int32_t) 1 << N) << N) - 1) * 2 + 1))];
| test_array [0] = 0
| 
|   ;
|   return 0;
| }
configure:5373: gcc -c  -O3 -Werror -Wall -D_GNU_SOURCE  conftest.c >&5
conftest.c: In function 'main':
conftest.c:70:12: error: variable 'test_array' set but not used [-Werror=unused-but-set-variable]
cc1: all warnings being treated as errors
configure:5373: $? = 1
configure: failed program was:
| /* confdefs.h */
| #define PACKAGE_NAME "core"
| #define PACKAGE_TARNAME "core"
| #define PACKAGE_VERSION "4.7"
| #define PACKAGE_STRING "core 4.7"
| #define PACKAGE_BUGREPORT "core-dev@pf.itd.nrl.navy.mil"
| #define PACKAGE_URL ""
| #define PACKAGE "core"
| #define VERSION "4.7"
| #define STDC_HEADERS 1
| #define HAVE_SYS_TYPES_H 1
| #define HAVE_SYS_STAT_H 1
| #define HAVE_STDLIB_H 1
| #define HAVE_STRING_H 1
| #define HAVE_MEMORY_H 1
| #define HAVE_STRINGS_H 1
| #define HAVE_INTTYPES_H 1
| #define HAVE_STDINT_H 1
| #define HAVE_UNISTD_H 1
| #define HAVE_ARPA_INET_H 1
| #define HAVE_FCNTL_H 1
| #define HAVE_LIMITS_H 1
| #define HAVE_STDINT_H 1
| #define HAVE_STDLIB_H 1
| #define HAVE_STRING_H 1
| #define HAVE_SYS_IOCTL_H 1
| #define HAVE_SYS_MOUNT_H 1
| #define HAVE_SYS_SOCKET_H 1
| #define HAVE_SYS_TIME_H 1
| #define HAVE_TERMIOS_H 1
| #define HAVE_UNISTD_H 1
| /* end confdefs.h.  */
| #include <stdio.h>
| #ifdef HAVE_SYS_TYPES_H
| # include <sys/types.h>
| #endif
| #ifdef HAVE_SYS_STAT_H
| # include <sys/stat.h>
| #endif
| #ifdef STDC_HEADERS
| # include <stdlib.h>
| # include <stddef.h>
| #else
| # ifdef HAVE_STDLIB_H
| #  include <stdlib.h>
| # endif
| #endif
| #ifdef HAVE_STRING_H
| # if !defined STDC_HEADERS && defined HAVE_MEMORY_H
| #  include <memory.h>
| # endif
| # include <string.h>
| #endif
| #ifdef HAVE_STRINGS_H
| # include <strings.h>
| #endif
| #ifdef HAVE_INTTYPES_H
| # include <inttypes.h>
| #endif
| #ifdef HAVE_STDINT_H
| # include <stdint.h>
| #endif
| #ifdef HAVE_UNISTD_H
| # include <unistd.h>
| #endif
| 	     enum { N = 32 / 2 - 1 };
| int
| main ()
| {
| static int test_array [1 - 2 * !(0 < (int) (((((int) 1 << N) << N) - 1) * 2 + 1))];
| test_array [0] = 0
| 
|   ;
|   return 0;
| }
configure:5373: gcc -c  -O3 -Werror -Wall -D_GNU_SOURCE  conftest.c >&5
conftest.c: In function 'main':
conftest.c:70:12: error: variable 'test_array' set but not used [-Werror=unused-but-set-variable]
cc1: all warnings being treated as errors
configure:5373: $? = 1
configure: failed program was:
| /* confdefs.h */
| #define PACKAGE_NAME "core"
| #define PACKAGE_TARNAME "core"
| #define PACKAGE_VERSION "4.7"
| #define PACKAGE_STRING "core 4.7"
| #define PACKAGE_BUGREPORT "core-dev@pf.itd.nrl.navy.mil"
| #define PACKAGE_URL ""
| #define PACKAGE "core"
| #define VERSION "4.7"
| #define STDC_HEADERS 1
| #define HAVE_SYS_TYPES_H 1
| #define HAVE_SYS_STAT_H 1
| #define HAVE_STDLIB_H 1
| #define HAVE_STRING_H 1
| #define HAVE_MEMORY_H 1
| #define HAVE_STRINGS_H 1
| #define HAVE_INTTYPES_H 1
| #define HAVE_STDINT_H 1
| #define HAVE_UNISTD_H 1
| #define HAVE_ARPA_INET_H 1
| #define HAVE_FCNTL_H 1
| #define HAVE_LIMITS_H 1
| #define HAVE_STDINT_H 1
| #define HAVE_STDLIB_H 1
| #define HAVE_STRING_H 1
| #define HAVE_SYS_IOCTL_H 1
| #define HAVE_SYS_MOUNT_H 1
| #define HAVE_SYS_SOCKET_H 1
| #define HAVE_SYS_TIME_H 1
| #define HAVE_TERMIOS_H 1
| #define HAVE_UNISTD_H 1
| /* end confdefs.h.  */
| #include <stdio.h>
| #ifdef HAVE_SYS_TYPES_H
| # include <sys/types.h>
| #endif
| #ifdef HAVE_SYS_STAT_H
| # include <sys/stat.h>
| #endif
| #ifdef STDC_HEADERS
| # include <stdlib.h>
| # include <stddef.h>
| #else
| # ifdef HAVE_STDLIB_H
| #  include <stdlib.h>
| # endif
| #endif
| #ifdef HAVE_STRING_H
| # if !defined STDC_HEADERS && defined HAVE_MEMORY_H
| #  include <memory.h>
| # endif
| # include <string.h>
| #endif
| #ifdef HAVE_STRINGS_H
| # include <strings.h>
| #endif
| #ifdef HAVE_INTTYPES_H
| # include <inttypes.h>
| #endif
| #ifdef HAVE_STDINT_H
| # include <stdint.h>
| #endif
| #ifdef HAVE_UNISTD_H
| # include <unistd.h>
| #endif
| 	     enum { N = 32 / 2 - 1 };
| int
| main ()
| {
| static int test_array [1 - 2 * !(0 < (long int) (((((long int) 1 << N) << N) - 1) * 2 + 1))];
| test_array [0] = 0
| 
|   ;
|   return 0;
| }
configure:5373: gcc -c  -O3 -Werror -Wall -D_GNU_SOURCE  conftest.c >&5
conftest.c: In function 'main':
conftest.c:70:12: error: variable 'test_array' set but not used [-Werror=unused-but-set-variable]
cc1: all warnings being treated as errors
configure:5373: $? = 1
configure: failed program was:
| /* confdefs.h */
| #define PACKAGE_NAME "core"
| #define PACKAGE_TARNAME "core"
| #define PACKAGE_VERSION "4.7"
| #define PACKAGE_STRING "core 4.7"
| #define PACKAGE_BUGREPORT "core-dev@pf.itd.nrl.navy.mil"
| #define PACKAGE_URL ""
| #define PACKAGE "core"
| #define VERSION "4.7"
| #define STDC_HEADERS 1
| #define HAVE_SYS_TYPES_H 1
| #define HAVE_SYS_STAT_H 1
| #define HAVE_STDLIB_H 1
| #define HAVE_STRING_H 1
| #define HAVE_MEMORY_H 1
| #define HAVE_STRINGS_H 1
| #define HAVE_INTTYPES_H 1
| #define HAVE_STDINT_H 1
| #define HAVE_UNISTD_H 1
| #define HAVE_ARPA_INET_H 1
| #define HAVE_FCNTL_H 1
| #define HAVE_LIMITS_H 1
| #define HAVE_STDINT_H 1
| #define HAVE_STDLIB_H 1
| #define HAVE_STRING_H 1
| #define HAVE_SYS_IOCTL_H 1
| #define HAVE_SYS_MOUNT_H 1
| #define HAVE_SYS_SOCKET_H 1
| #define HAVE_SYS_TIME_H 1
| #define HAVE_TERMIOS_H 1
| #define HAVE_UNISTD_H 1
| /* end confdefs.h.  */
| #include <stdio.h>
| #ifdef HAVE_SYS_TYPES_H
| # include <sys/types.h>
| #endif
| #ifdef HAVE_SYS_STAT_H
| # include <sys/stat.h>
| #endif
| #ifdef STDC_HEADERS
| # include <stdlib.h>
| # include <stddef.h>
| #else
| # ifdef HAVE_STDLIB_H
| #  include <stdlib.h>
| # endif
| #endif
| #ifdef HAVE_STRING_H
| # if !defined STDC_HEADERS && defined HAVE_MEMORY_H
| #  include <memory.h>
| # endif
| # include <string.h>
| #endif
| #ifdef HAVE_STRINGS_H
| # include <strings.h>
| #endif
| #ifdef HAVE_INTTYPES_H
| # include <inttypes.h>
| #endif
| #ifdef HAVE_STDINT_H
| # include <stdint.h>
| #endif
| #ifdef HAVE_UNISTD_H
| # include <unistd.h>
| #endif
| 	     enum { N = 32 / 2 - 1 };
| int
| main ()
| {
| static int test_array [1 - 2 * !(0 < (long long int) (((((long long int) 1 << N) << N) - 1) * 2 + 1))];
| test_array [0] = 0
| 
|   ;
|   return 0;
| }
configure:5373: gcc -c  -O3 -Werror -Wall -D_GNU_SOURCE  conftest.c >&5
conftest.c: In function 'main':
conftest.c:70:12: error: size of array 'test_array' is negative
conftest.c:70:12: error: variable 'test_array' set but not used [-Werror=unused-but-set-variable]
cc1: all warnings being treated as errors
configure:5373: $? = 1
configure: failed program was:
| /* confdefs.h */
| #define PACKAGE_NAME "core"
| #define PACKAGE_TARNAME "core"
| #define PACKAGE_VERSION "4.7"
| #define PACKAGE_STRING "core 4.7"
| #define PACKAGE_BUGREPORT "core-dev@pf.itd.nrl.navy.mil"
| #define PACKAGE_URL ""
| #define PACKAGE "core"
| #define VERSION "4.7"
| #define STDC_HEADERS 1
| #define HAVE_SYS_TYPES_H 1
| #define HAVE_SYS_STAT_H 1
| #define HAVE_STDLIB_H 1
| #define HAVE_STRING_H 1
| #define HAVE_MEMORY_H 1
| #define HAVE_STRINGS_H 1
| #define HAVE_INTTYPES_H 1
| #define HAVE_STDINT_H 1
| #define HAVE_UNISTD_H 1
| #define HAVE_ARPA_INET_H 1
| #define HAVE_FCNTL_H 1
| #define HAVE_LIMITS_H 1
| #define HAVE_STDINT_H 1
| #define HAVE_STDLIB_H 1
| #define HAVE_STRING_H 1
| #define HAVE_SYS_IOCTL_H 1
| #define HAVE_SYS_MOUNT_H 1
| #define HAVE_SYS_SOCKET_H 1
| #define HAVE_SYS_TIME_H 1
| #define HAVE_TERMIOS_H 1
| #define HAVE_UNISTD_H 1
| /* end confdefs.h.  */
| #include <stdio.h>
| #ifdef HAVE_SYS_TYPES_H
| # include <sys/types.h>
| #endif
| #ifdef HAVE_SYS_STAT_H
| # include <sys/stat.h>
| #endif
| #ifdef STDC_HEADERS
| # include <stdlib.h>
| # include <stddef.h>
| #else
| # ifdef HAVE_STDLIB_H
| #  include <stdlib.h>
| # endif
| #endif
| #ifdef HAVE_STRING_H
| # if !defined STDC_HEADERS && defined HAVE_MEMORY_H
| #  include <memory.h>
| # endif
| # include <string.h>
| #endif
| #ifdef HAVE_STRINGS_H
| # include <strings.h>
| #endif
| #ifdef HAVE_INTTYPES_H
| # include <inttypes.h>
| #endif
| #ifdef HAVE_STDINT_H
| # include <stdint.h>
| #endif
| #ifdef HAVE_UNISTD_H
| # include <unistd.h>
| #endif
| 	     enum { N = 32 / 2 - 1 };
| int
| main ()
| {
| static int test_array [1 - 2 * !(0 < (short int) (((((short int) 1 << N) << N) - 1) * 2 + 1))];
| test_array [0] = 0
| 
|   ;
|   return 0;
| }
configure:5373: gcc -c  -O3 -Werror -Wall -D_GNU_SOURCE  conftest.c >&5
conftest.c: In function 'main':
conftest.c:70:12: error: size of array 'test_array' is negative
conftest.c:70:12: error: variable 'test_array' set but not used [-Werror=unused-but-set-variable]
cc1: all warnings being treated as errors
configure:5373: $? = 1
configure: failed program was:
| /* confdefs.h */
| #define PACKAGE_NAME "core"
| #define PACKAGE_TARNAME "core"
| #define PACKAGE_VERSION "4.7"
| #define PACKAGE_STRING "core 4.7"
| #define PACKAGE_BUGREPORT "core-dev@pf.itd.nrl.navy.mil"
| #define PACKAGE_URL ""
| #define PACKAGE "core"
| #define VERSION "4.7"
| #define STDC_HEADERS 1
| #define HAVE_SYS_TYPES_H 1
| #define HAVE_SYS_STAT_H 1
| #define HAVE_STDLIB_H 1
| #define HAVE_STRING_H 1
| #define HAVE_MEMORY_H 1
| #define HAVE_STRINGS_H 1
| #define HAVE_INTTYPES_H 1
| #define HAVE_STDINT_H 1
| #define HAVE_UNISTD_H 1
| #define HAVE_ARPA_INET_H 1
| #define HAVE_FCNTL_H 1
| #define HAVE_LIMITS_H 1
| #define HAVE_STDINT_H 1
| #define HAVE_STDLIB_H 1
| #define HAVE_STRING_H 1
| #define HAVE_SYS_IOCTL_H 1
| #define HAVE_SYS_MOUNT_H 1
| #define HAVE_SYS_SOCKET_H 1
| #define HAVE_SYS_TIME_H 1
| #define HAVE_TERMIOS_H 1
| #define HAVE_UNISTD_H 1
| /* end confdefs.h.  */
| #include <stdio.h>
| #ifdef HAVE_SYS_TYPES_H
| # include <sys/types.h>
| #endif
| #ifdef HAVE_SYS_STAT_H
| # include <sys/stat.h>
| #endif
| #ifdef STDC_HEADERS
| # include <stdlib.h>
| # include <stddef.h>
| #else
| # ifdef HAVE_STDLIB_H
| #  include <stdlib.h>
| # endif
| #endif
| #ifdef HAVE_STRING_H
| # if !defined STDC_HEADERS && defined HAVE_MEMORY_H
| #  include <memory.h>
| # endif
| # include <string.h>
| #endif
| #ifdef HAVE_STRINGS_H
| # include <strings.h>
| #endif
| #ifdef HAVE_INTTYPES_H
| # include <inttypes.h>
| #endif
| #ifdef HAVE_STDINT_H
| # include <stdint.h>
| #endif
| #ifdef HAVE_UNISTD_H
| # include <unistd.h>
| #endif
| 	     enum { N = 32 / 2 - 1 };
| int
| main ()
| {
| static int test_array [1 - 2 * !(0 < (signed char) (((((signed char) 1 << N) << N) - 1) * 2 + 1))];
| test_array [0] = 0
| 
|   ;
|   return 0;
| }
configure:5373: result: no
configure:5384: checking for pid_t
configure:5384: gcc -c  -O3 -Werror -Wall -D_GNU_SOURCE  conftest.c >&5
configure:5384: $? = 0
configure:5384: gcc -c  -O3 -Werror -Wall -D_GNU_SOURCE  conftest.c >&5
conftest.c: In function 'main':
conftest.c:69:20: error: expected expression before ')' token
configure:5384: $? = 1
configure: failed program was:
| /* confdefs.h */
| #define PACKAGE_NAME "core"
| #define PACKAGE_TARNAME "core"
| #define PACKAGE_VERSION "4.7"
| #define PACKAGE_STRING "core 4.7"
| #define PACKAGE_BUGREPORT "core-dev@pf.itd.nrl.navy.mil"
| #define PACKAGE_URL ""
| #define PACKAGE "core"
| #define VERSION "4.7"
| #define STDC_HEADERS 1
| #define HAVE_SYS_TYPES_H 1
| #define HAVE_SYS_STAT_H 1
| #define HAVE_STDLIB_H 1
| #define HAVE_STRING_H 1
| #define HAVE_MEMORY_H 1
| #define HAVE_STRINGS_H 1
| #define HAVE_INTTYPES_H 1
| #define HAVE_STDINT_H 1
| #define HAVE_UNISTD_H 1
| #define HAVE_ARPA_INET_H 1
| #define HAVE_FCNTL_H 1
| #define HAVE_LIMITS_H 1
| #define HAVE_STDINT_H 1
| #define HAVE_STDLIB_H 1
| #define HAVE_STRING_H 1
| #define HAVE_SYS_IOCTL_H 1
| #define HAVE_SYS_MOUNT_H 1
| #define HAVE_SYS_SOCKET_H 1
| #define HAVE_SYS_TIME_H 1
| #define HAVE_TERMIOS_H 1
| #define HAVE_UNISTD_H 1
| /* end confdefs.h.  */
| #include <stdio.h>
| #ifdef HAVE_SYS_TYPES_H
| # include <sys/types.h>
| #endif
| #ifdef HAVE_SYS_STAT_H
| # include <sys/stat.h>
| #endif
| #ifdef STDC_HEADERS
| # include <stdlib.h>
| # include <stddef.h>
| #else
| # ifdef HAVE_STDLIB_H
| #  include <stdlib.h>
| # endif
| #endif
| #ifdef HAVE_STRING_H
| # if !defined STDC_HEADERS && defined HAVE_MEMORY_H
| #  include <memory.h>
| # endif
| # include <string.h>
| #endif
| #ifdef HAVE_STRINGS_H
| # include <strings.h>
| #endif
| #ifdef HAVE_INTTYPES_H
| # include <inttypes.h>
| #endif
| #ifdef HAVE_STDINT_H
| # include <stdint.h>
| #endif
| #ifdef HAVE_UNISTD_H
| # include <unistd.h>
| #endif
| int
| main ()
| {
| if (sizeof ((pid_t)))
| 	    return 0;
|   ;
|   return 0;
| }
configure:5384: result: yes
configure:5395: checking for size_t
configure:5395: gcc -c  -O3 -Werror -Wall -D_GNU_SOURCE  conftest.c >&5
configure:5395: $? = 0
configure:5395: gcc -c  -O3 -Werror -Wall -D_GNU_SOURCE  conftest.c >&5
conftest.c: In function 'main':
conftest.c:69:21: error: expected expression before ')' token
configure:5395: $? = 1
configure: failed program was:
| /* confdefs.h */
| #define PACKAGE_NAME "core"
| #define PACKAGE_TARNAME "core"
| #define PACKAGE_VERSION "4.7"
| #define PACKAGE_STRING "core 4.7"
| #define PACKAGE_BUGREPORT "core-dev@pf.itd.nrl.navy.mil"
| #define PACKAGE_URL ""
| #define PACKAGE "core"
| #define VERSION "4.7"
| #define STDC_HEADERS 1
| #define HAVE_SYS_TYPES_H 1
| #define HAVE_SYS_STAT_H 1
| #define HAVE_STDLIB_H 1
| #define HAVE_STRING_H 1
| #define HAVE_MEMORY_H 1
| #define HAVE_STRINGS_H 1
| #define HAVE_INTTYPES_H 1
| #define HAVE_STDINT_H 1
| #define HAVE_UNISTD_H 1
| #define HAVE_ARPA_INET_H 1
| #define HAVE_FCNTL_H 1
| #define HAVE_LIMITS_H 1
| #define HAVE_STDINT_H 1
| #define HAVE_STDLIB_H 1
| #define HAVE_STRING_H 1
| #define HAVE_SYS_IOCTL_H 1
| #define HAVE_SYS_MOUNT_H 1
| #define HAVE_SYS_SOCKET_H 1
| #define HAVE_SYS_TIME_H 1
| #define HAVE_TERMIOS_H 1
| #define HAVE_UNISTD_H 1
| /* end confdefs.h.  */
| #include <stdio.h>
| #ifdef HAVE_SYS_TYPES_H
| # include <sys/types.h>
| #endif
| #ifdef HAVE_SYS_STAT_H
| # include <sys/stat.h>
| #endif
| #ifdef STDC_HEADERS
| # include <stdlib.h>
| # include <stddef.h>
| #else
| # ifdef HAVE_STDLIB_H
| #  include <stdlib.h>
| # endif
| #endif
| #ifdef HAVE_STRING_H
| # if !defined STDC_HEADERS && defined HAVE_MEMORY_H
| #  include <memory.h>
| # endif
| # include <string.h>
| #endif
| #ifdef HAVE_STRINGS_H
| # include <strings.h>
| #endif
| #ifdef HAVE_INTTYPES_H
| # include <inttypes.h>
| #endif
| #ifdef HAVE_STDINT_H
| # include <stdint.h>
| #endif
| #ifdef HAVE_UNISTD_H
| # include <unistd.h>
| #endif
| int
| main ()
| {
| if (sizeof ((size_t)))
| 	    return 0;
|   ;
|   return 0;
| }
configure:5395: result: yes
configure:5406: checking for ssize_t
configure:5406: gcc -c  -O3 -Werror -Wall -D_GNU_SOURCE  conftest.c >&5
configure:5406: $? = 0
configure:5406: gcc -c  -O3 -Werror -Wall -D_GNU_SOURCE  conftest.c >&5
conftest.c: In function 'main':
conftest.c:69:22: error: expected expression before ')' token
configure:5406: $? = 1
configure: failed program was:
| /* confdefs.h */
| #define PACKAGE_NAME "core"
| #define PACKAGE_TARNAME "core"
| #define PACKAGE_VERSION "4.7"
| #define PACKAGE_STRING "core 4.7"
| #define PACKAGE_BUGREPORT "core-dev@pf.itd.nrl.navy.mil"
| #define PACKAGE_URL ""
| #define PACKAGE "core"
| #define VERSION "4.7"
| #define STDC_HEADERS 1
| #define HAVE_SYS_TYPES_H 1
| #define HAVE_SYS_STAT_H 1
| #define HAVE_STDLIB_H 1
| #define HAVE_STRING_H 1
| #define HAVE_MEMORY_H 1
| #define HAVE_STRINGS_H 1
| #define HAVE_INTTYPES_H 1
| #define HAVE_STDINT_H 1
| #define HAVE_UNISTD_H 1
| #define HAVE_ARPA_INET_H 1
| #define HAVE_FCNTL_H 1
| #define HAVE_LIMITS_H 1
| #define HAVE_STDINT_H 1
| #define HAVE_STDLIB_H 1
| #define HAVE_STRING_H 1
| #define HAVE_SYS_IOCTL_H 1
| #define HAVE_SYS_MOUNT_H 1
| #define HAVE_SYS_SOCKET_H 1
| #define HAVE_SYS_TIME_H 1
| #define HAVE_TERMIOS_H 1
| #define HAVE_UNISTD_H 1
| /* end confdefs.h.  */
| #include <stdio.h>
| #ifdef HAVE_SYS_TYPES_H
| # include <sys/types.h>
| #endif
| #ifdef HAVE_SYS_STAT_H
| # include <sys/stat.h>
| #endif
| #ifdef STDC_HEADERS
| # include <stdlib.h>
| # include <stddef.h>
| #else
| # ifdef HAVE_STDLIB_H
| #  include <stdlib.h>
| # endif
| #endif
| #ifdef HAVE_STRING_H
| # if !defined STDC_HEADERS && defined HAVE_MEMORY_H
| #  include <memory.h>
| # endif
| # include <string.h>
| #endif
| #ifdef HAVE_STRINGS_H
| # include <strings.h>
| #endif
| #ifdef HAVE_INTTYPES_H
| # include <inttypes.h>
| #endif
| #ifdef HAVE_STDINT_H
| # include <stdint.h>
| #endif
| #ifdef HAVE_UNISTD_H
| # include <unistd.h>
| #endif
| int
| main ()
| {
| if (sizeof ((ssize_t)))
| 	    return 0;
|   ;
|   return 0;
| }
configure:5406: result: yes
configure:5417: checking for uint32_t
configure:5417: gcc -c  -O3 -Werror -Wall -D_GNU_SOURCE  conftest.c >&5
conftest.c: In function 'main':
conftest.c:69:12: error: variable 'test_array' set but not used [-Werror=unused-but-set-variable]
cc1: all warnings being treated as errors
configure:5417: $? = 1
configure: failed program was:
| /* confdefs.h */
| #define PACKAGE_NAME "core"
| #define PACKAGE_TARNAME "core"
| #define PACKAGE_VERSION "4.7"
| #define PACKAGE_STRING "core 4.7"
| #define PACKAGE_BUGREPORT "core-dev@pf.itd.nrl.navy.mil"
| #define PACKAGE_URL ""
| #define PACKAGE "core"
| #define VERSION "4.7"
| #define STDC_HEADERS 1
| #define HAVE_SYS_TYPES_H 1
| #define HAVE_SYS_STAT_H 1
| #define HAVE_STDLIB_H 1
| #define HAVE_STRING_H 1
| #define HAVE_MEMORY_H 1
| #define HAVE_STRINGS_H 1
| #define HAVE_INTTYPES_H 1
| #define HAVE_STDINT_H 1
| #define HAVE_UNISTD_H 1
| #define HAVE_ARPA_INET_H 1
| #define HAVE_FCNTL_H 1
| #define HAVE_LIMITS_H 1
| #define HAVE_STDINT_H 1
| #define HAVE_STDLIB_H 1
| #define HAVE_STRING_H 1
| #define HAVE_SYS_IOCTL_H 1
| #define HAVE_SYS_MOUNT_H 1
| #define HAVE_SYS_SOCKET_H 1
| #define HAVE_SYS_TIME_H 1
| #define HAVE_TERMIOS_H 1
| #define HAVE_UNISTD_H 1
| /* end confdefs.h.  */
| #include <stdio.h>
| #ifdef HAVE_SYS_TYPES_H
| # include <sys/types.h>
| #endif
| #ifdef HAVE_SYS_STAT_H
| # include <sys/stat.h>
| #endif
| #ifdef STDC_HEADERS
| # include <stdlib.h>
| # include <stddef.h>
| #else
| # ifdef HAVE_STDLIB_H
| #  include <stdlib.h>
| # endif
| #endif
| #ifdef HAVE_STRING_H
| # if !defined STDC_HEADERS && defined HAVE_MEMORY_H
| #  include <memory.h>
| # endif
| # include <string.h>
| #endif
| #ifdef HAVE_STRINGS_H
| # include <strings.h>
| #endif
| #ifdef HAVE_INTTYPES_H
| # include <inttypes.h>
| #endif
| #ifdef HAVE_STDINT_H
| # include <stdint.h>
| #endif
| #ifdef HAVE_UNISTD_H
| # include <unistd.h>
| #endif
| int
| main ()
| {
| static int test_array [1 - 2 * !(((uint32_t) -1 >> (32 / 2 - 1)) >> (32 / 2 - 1) == 3)];
| test_array [0] = 0
| 
|   ;
|   return 0;
| }
configure:5417: gcc -c  -O3 -Werror -Wall -D_GNU_SOURCE  conftest.c >&5
conftest.c: In function 'main':
conftest.c:69:12: error: variable 'test_array' set but not used [-Werror=unused-but-set-variable]
cc1: all warnings being treated as errors
configure:5417: $? = 1
configure: failed program was:
| /* confdefs.h */
| #define PACKAGE_NAME "core"
| #define PACKAGE_TARNAME "core"
| #define PACKAGE_VERSION "4.7"
| #define PACKAGE_STRING "core 4.7"
| #define PACKAGE_BUGREPORT "core-dev@pf.itd.nrl.navy.mil"
| #define PACKAGE_URL ""
| #define PACKAGE "core"
| #define VERSION "4.7"
| #define STDC_HEADERS 1
| #define HAVE_SYS_TYPES_H 1
| #define HAVE_SYS_STAT_H 1
| #define HAVE_STDLIB_H 1
| #define HAVE_STRING_H 1
| #define HAVE_MEMORY_H 1
| #define HAVE_STRINGS_H 1
| #define HAVE_INTTYPES_H 1
| #define HAVE_STDINT_H 1
| #define HAVE_UNISTD_H 1
| #define HAVE_ARPA_INET_H 1
| #define HAVE_FCNTL_H 1
| #define HAVE_LIMITS_H 1
| #define HAVE_STDINT_H 1
| #define HAVE_STDLIB_H 1
| #define HAVE_STRING_H 1
| #define HAVE_SYS_IOCTL_H 1
| #define HAVE_SYS_MOUNT_H 1
| #define HAVE_SYS_SOCKET_H 1
| #define HAVE_SYS_TIME_H 1
| #define HAVE_TERMIOS_H 1
| #define HAVE_UNISTD_H 1
| /* end confdefs.h.  */
| #include <stdio.h>
| #ifdef HAVE_SYS_TYPES_H
| # include <sys/types.h>
| #endif
| #ifdef HAVE_SYS_STAT_H
| # include <sys/stat.h>
| #endif
| #ifdef STDC_HEADERS
| # include <stdlib.h>
| # include <stddef.h>
| #else
| # ifdef HAVE_STDLIB_H
| #  include <stdlib.h>
| # endif
| #endif
| #ifdef HAVE_STRING_H
| # if !defined STDC_HEADERS && defined HAVE_MEMORY_H
| #  include <memory.h>
| # endif
| # include <string.h>
| #endif
| #ifdef HAVE_STRINGS_H
| # include <strings.h>
| #endif
| #ifdef HAVE_INTTYPES_H
| # include <inttypes.h>
| #endif
| #ifdef HAVE_STDINT_H
| # include <stdint.h>
| #endif
| #ifdef HAVE_UNISTD_H
| # include <unistd.h>
| #endif
| int
| main ()
| {
| static int test_array [1 - 2 * !(((unsigned int) -1 >> (32 / 2 - 1)) >> (32 / 2 - 1) == 3)];
| test_array [0] = 0
| 
|   ;
|   return 0;
| }
configure:5417: gcc -c  -O3 -Werror -Wall -D_GNU_SOURCE  conftest.c >&5
conftest.c: In function 'main':
conftest.c:69:12: error: size of array 'test_array' is negative
conftest.c:69:12: error: variable 'test_array' set but not used [-Werror=unused-but-set-variable]
cc1: all warnings being treated as errors
configure:5417: $? = 1
configure: failed program was:
| /* confdefs.h */
| #define PACKAGE_NAME "core"
| #define PACKAGE_TARNAME "core"
| #define PACKAGE_VERSION "4.7"
| #define PACKAGE_STRING "core 4.7"
| #define PACKAGE_BUGREPORT "core-dev@pf.itd.nrl.navy.mil"
| #define PACKAGE_URL ""
| #define PACKAGE "core"
| #define VERSION "4.7"
| #define STDC_HEADERS 1
| #define HAVE_SYS_TYPES_H 1
| #define HAVE_SYS_STAT_H 1
| #define HAVE_STDLIB_H 1
| #define HAVE_STRING_H 1
| #define HAVE_MEMORY_H 1
| #define HAVE_STRINGS_H 1
| #define HAVE_INTTYPES_H 1
| #define HAVE_STDINT_H 1
| #define HAVE_UNISTD_H 1
| #define HAVE_ARPA_INET_H 1
| #define HAVE_FCNTL_H 1
| #define HAVE_LIMITS_H 1
| #define HAVE_STDINT_H 1
| #define HAVE_STDLIB_H 1
| #define HAVE_STRING_H 1
| #define HAVE_SYS_IOCTL_H 1
| #define HAVE_SYS_MOUNT_H 1
| #define HAVE_SYS_SOCKET_H 1
| #define HAVE_SYS_TIME_H 1
| #define HAVE_TERMIOS_H 1
| #define HAVE_UNISTD_H 1
| /* end confdefs.h.  */
| #include <stdio.h>
| #ifdef HAVE_SYS_TYPES_H
| # include <sys/types.h>
| #endif
| #ifdef HAVE_SYS_STAT_H
| # include <sys/stat.h>
| #endif
| #ifdef STDC_HEADERS
| # include <stdlib.h>
| # include <stddef.h>
| #else
| # ifdef HAVE_STDLIB_H
| #  include <stdlib.h>
| # endif
| #endif
| #ifdef HAVE_STRING_H
| # if !defined STDC_HEADERS && defined HAVE_MEMORY_H
| #  include <memory.h>
| # endif
| # include <string.h>
| #endif
| #ifdef HAVE_STRINGS_H
| # include <strings.h>
| #endif
| #ifdef HAVE_INTTYPES_H
| # include <inttypes.h>
| #endif
| #ifdef HAVE_STDINT_H
| # include <stdint.h>
| #endif
| #ifdef HAVE_UNISTD_H
| # include <unistd.h>
| #endif
| int
| main ()
| {
| static int test_array [1 - 2 * !(((unsigned long int) -1 >> (32 / 2 - 1)) >> (32 / 2 - 1) == 3)];
| test_array [0] = 0
| 
|   ;
|   return 0;
| }
configure:5417: gcc -c  -O3 -Werror -Wall -D_GNU_SOURCE  conftest.c >&5
conftest.c: In function 'main':
conftest.c:69:12: error: size of array 'test_array' is negative
conftest.c:69:12: error: variable 'test_array' set but not used [-Werror=unused-but-set-variable]
cc1: all warnings being treated as errors
configure:5417: $? = 1
configure: failed program was:
| /* confdefs.h */
| #define PACKAGE_NAME "core"
| #define PACKAGE_TARNAME "core"
| #define PACKAGE_VERSION "4.7"
| #define PACKAGE_STRING "core 4.7"
| #define PACKAGE_BUGREPORT "core-dev@pf.itd.nrl.navy.mil"
| #define PACKAGE_URL ""
| #define PACKAGE "core"
| #define VERSION "4.7"
| #define STDC_HEADERS 1
| #define HAVE_SYS_TYPES_H 1
| #define HAVE_SYS_STAT_H 1
| #define HAVE_STDLIB_H 1
| #define HAVE_STRING_H 1
| #define HAVE_MEMORY_H 1
| #define HAVE_STRINGS_H 1
| #define HAVE_INTTYPES_H 1
| #define HAVE_STDINT_H 1
| #define HAVE_UNISTD_H 1
| #define HAVE_ARPA_INET_H 1
| #define HAVE_FCNTL_H 1
| #define HAVE_LIMITS_H 1
| #define HAVE_STDINT_H 1
| #define HAVE_STDLIB_H 1
| #define HAVE_STRING_H 1
| #define HAVE_SYS_IOCTL_H 1
| #define HAVE_SYS_MOUNT_H 1
| #define HAVE_SYS_SOCKET_H 1
| #define HAVE_SYS_TIME_H 1
| #define HAVE_TERMIOS_H 1
| #define HAVE_UNISTD_H 1
| /* end confdefs.h.  */
| #include <stdio.h>
| #ifdef HAVE_SYS_TYPES_H
| # include <sys/types.h>
| #endif
| #ifdef HAVE_SYS_STAT_H
| # include <sys/stat.h>
| #endif
| #ifdef STDC_HEADERS
| # include <stdlib.h>
| # include <stddef.h>
| #else
| # ifdef HAVE_STDLIB_H
| #  include <stdlib.h>
| # endif
| #endif
| #ifdef HAVE_STRING_H
| # if !defined STDC_HEADERS && defined HAVE_MEMORY_H
| #  include <memory.h>
| # endif
| # include <string.h>
| #endif
| #ifdef HAVE_STRINGS_H
| # include <strings.h>
| #endif
| #ifdef HAVE_INTTYPES_H
| # include <inttypes.h>
| #endif
| #ifdef HAVE_STDINT_H
| # include <stdint.h>
| #endif
| #ifdef HAVE_UNISTD_H
| # include <unistd.h>
| #endif
| int
| main ()
| {
| static int test_array [1 - 2 * !(((unsigned long long int) -1 >> (32 / 2 - 1)) >> (32 / 2 - 1) == 3)];
| test_array [0] = 0
| 
|   ;
|   return 0;
| }
configure:5417: gcc -c  -O3 -Werror -Wall -D_GNU_SOURCE  conftest.c >&5
conftest.c: In function 'main':
conftest.c:69:12: error: size of array 'test_array' is negative
conftest.c:69:12: error: variable 'test_array' set but not used [-Werror=unused-but-set-variable]
cc1: all warnings being treated as errors
configure:5417: $? = 1
configure: failed program was:
| /* confdefs.h */
| #define PACKAGE_NAME "core"
| #define PACKAGE_TARNAME "core"
| #define PACKAGE_VERSION "4.7"
| #define PACKAGE_STRING "core 4.7"
| #define PACKAGE_BUGREPORT "core-dev@pf.itd.nrl.navy.mil"
| #define PACKAGE_URL ""
| #define PACKAGE "core"
| #define VERSION "4.7"
| #define STDC_HEADERS 1
| #define HAVE_SYS_TYPES_H 1
| #define HAVE_SYS_STAT_H 1
| #define HAVE_STDLIB_H 1
| #define HAVE_STRING_H 1
| #define HAVE_MEMORY_H 1
| #define HAVE_STRINGS_H 1
| #define HAVE_INTTYPES_H 1
| #define HAVE_STDINT_H 1
| #define HAVE_UNISTD_H 1
| #define HAVE_ARPA_INET_H 1
| #define HAVE_FCNTL_H 1
| #define HAVE_LIMITS_H 1
| #define HAVE_STDINT_H 1
| #define HAVE_STDLIB_H 1
| #define HAVE_STRING_H 1
| #define HAVE_SYS_IOCTL_H 1
| #define HAVE_SYS_MOUNT_H 1
| #define HAVE_SYS_SOCKET_H 1
| #define HAVE_SYS_TIME_H 1
| #define HAVE_TERMIOS_H 1
| #define HAVE_UNISTD_H 1
| /* end confdefs.h.  */
| #include <stdio.h>
| #ifdef HAVE_SYS_TYPES_H
| # include <sys/types.h>
| #endif
| #ifdef HAVE_SYS_STAT_H
| # include <sys/stat.h>
| #endif
| #ifdef STDC_HEADERS
| # include <stdlib.h>
| # include <stddef.h>
| #else
| # ifdef HAVE_STDLIB_H
| #  include <stdlib.h>
| # endif
| #endif
| #ifdef HAVE_STRING_H
| # if !defined STDC_HEADERS && defined HAVE_MEMORY_H
| #  include <memory.h>
| # endif
| # include <string.h>
| #endif
| #ifdef HAVE_STRINGS_H
| # include <strings.h>
| #endif
| #ifdef HAVE_INTTYPES_H
| # include <inttypes.h>
| #endif
| #ifdef HAVE_STDINT_H
| # include <stdint.h>
| #endif
| #ifdef HAVE_UNISTD_H
| # include <unistd.h>
| #endif
| int
| main ()
| {
| static int test_array [1 - 2 * !(((unsigned short int) -1 >> (32 / 2 - 1)) >> (32 / 2 - 1) == 3)];
| test_array [0] = 0
| 
|   ;
|   return 0;
| }
configure:5417: gcc -c  -O3 -Werror -Wall -D_GNU_SOURCE  conftest.c >&5
conftest.c: In function 'main':
conftest.c:69:12: error: size of array 'test_array' is negative
conftest.c:69:12: error: variable 'test_array' set but not used [-Werror=unused-but-set-variable]
cc1: all warnings being treated as errors
configure:5417: $? = 1
configure: failed program was:
| /* confdefs.h */
| #define PACKAGE_NAME "core"
| #define PACKAGE_TARNAME "core"
| #define PACKAGE_VERSION "4.7"
| #define PACKAGE_STRING "core 4.7"
| #define PACKAGE_BUGREPORT "core-dev@pf.itd.nrl.navy.mil"
| #define PACKAGE_URL ""
| #define PACKAGE "core"
| #define VERSION "4.7"
| #define STDC_HEADERS 1
| #define HAVE_SYS_TYPES_H 1
| #define HAVE_SYS_STAT_H 1
| #define HAVE_STDLIB_H 1
| #define HAVE_STRING_H 1
| #define HAVE_MEMORY_H 1
| #define HAVE_STRINGS_H 1
| #define HAVE_INTTYPES_H 1
| #define HAVE_STDINT_H 1
| #define HAVE_UNISTD_H 1
| #define HAVE_ARPA_INET_H 1
| #define HAVE_FCNTL_H 1
| #define HAVE_LIMITS_H 1
| #define HAVE_STDINT_H 1
| #define HAVE_STDLIB_H 1
| #define HAVE_STRING_H 1
| #define HAVE_SYS_IOCTL_H 1
| #define HAVE_SYS_MOUNT_H 1
| #define HAVE_SYS_SOCKET_H 1
| #define HAVE_SYS_TIME_H 1
| #define HAVE_TERMIOS_H 1
| #define HAVE_UNISTD_H 1
| /* end confdefs.h.  */
| #include <stdio.h>
| #ifdef HAVE_SYS_TYPES_H
| # include <sys/types.h>
| #endif
| #ifdef HAVE_SYS_STAT_H
| # include <sys/stat.h>
| #endif
| #ifdef STDC_HEADERS
| # include <stdlib.h>
| # include <stddef.h>
| #else
| # ifdef HAVE_STDLIB_H
| #  include <stdlib.h>
| # endif
| #endif
| #ifdef HAVE_STRING_H
| # if !defined STDC_HEADERS && defined HAVE_MEMORY_H
| #  include <memory.h>
| # endif
| # include <string.h>
| #endif
| #ifdef HAVE_STRINGS_H
| # include <strings.h>
| #endif
| #ifdef HAVE_INTTYPES_H
| # include <inttypes.h>
| #endif
| #ifdef HAVE_STDINT_H
| # include <stdint.h>
| #endif
| #ifdef HAVE_UNISTD_H
| # include <unistd.h>
| #endif
| int
| main ()
| {
| static int test_array [1 - 2 * !(((unsigned char) -1 >> (32 / 2 - 1)) >> (32 / 2 - 1) == 3)];
| test_array [0] = 0
| 
|   ;
|   return 0;
| }
configure:5417: result: no
configure:5431: checking for uint8_t
configure:5431: gcc -c  -O3 -Werror -Wall -D_GNU_SOURCE  conftest.c >&5
conftest.c: In function 'main':
conftest.c:69:12: error: variable 'test_array' set but not used [-Werror=unused-but-set-variable]
cc1: all warnings being treated as errors
configure:5431: $? = 1
configure: failed program was:
| /* confdefs.h */
| #define PACKAGE_NAME "core"
| #define PACKAGE_TARNAME "core"
| #define PACKAGE_VERSION "4.7"
| #define PACKAGE_STRING "core 4.7"
| #define PACKAGE_BUGREPORT "core-dev@pf.itd.nrl.navy.mil"
| #define PACKAGE_URL ""
| #define PACKAGE "core"
| #define VERSION "4.7"
| #define STDC_HEADERS 1
| #define HAVE_SYS_TYPES_H 1
| #define HAVE_SYS_STAT_H 1
| #define HAVE_STDLIB_H 1
| #define HAVE_STRING_H 1
| #define HAVE_MEMORY_H 1
| #define HAVE_STRINGS_H 1
| #define HAVE_INTTYPES_H 1
| #define HAVE_STDINT_H 1
| #define HAVE_UNISTD_H 1
| #define HAVE_ARPA_INET_H 1
| #define HAVE_FCNTL_H 1
| #define HAVE_LIMITS_H 1
| #define HAVE_STDINT_H 1
| #define HAVE_STDLIB_H 1
| #define HAVE_STRING_H 1
| #define HAVE_SYS_IOCTL_H 1
| #define HAVE_SYS_MOUNT_H 1
| #define HAVE_SYS_SOCKET_H 1
| #define HAVE_SYS_TIME_H 1
| #define HAVE_TERMIOS_H 1
| #define HAVE_UNISTD_H 1
| /* end confdefs.h.  */
| #include <stdio.h>
| #ifdef HAVE_SYS_TYPES_H
| # include <sys/types.h>
| #endif
| #ifdef HAVE_SYS_STAT_H
| # include <sys/stat.h>
| #endif
| #ifdef STDC_HEADERS
| # include <stdlib.h>
| # include <stddef.h>
| #else
| # ifdef HAVE_STDLIB_H
| #  include <stdlib.h>
| # endif
| #endif
| #ifdef HAVE_STRING_H
| # if !defined STDC_HEADERS && defined HAVE_MEMORY_H
| #  include <memory.h>
| # endif
| # include <string.h>
| #endif
| #ifdef HAVE_STRINGS_H
| # include <strings.h>
| #endif
| #ifdef HAVE_INTTYPES_H
| # include <inttypes.h>
| #endif
| #ifdef HAVE_STDINT_H
| # include <stdint.h>
| #endif
| #ifdef HAVE_UNISTD_H
| # include <unistd.h>
| #endif
| int
| main ()
| {
| static int test_array [1 - 2 * !(((uint8_t) -1 >> (8 / 2 - 1)) >> (8 / 2 - 1) == 3)];
| test_array [0] = 0
| 
|   ;
|   return 0;
| }
configure:5431: gcc -c  -O3 -Werror -Wall -D_GNU_SOURCE  conftest.c >&5
conftest.c: In function 'main':
conftest.c:69:12: error: size of array 'test_array' is negative
conftest.c:69:12: error: variable 'test_array' set but not used [-Werror=unused-but-set-variable]
cc1: all warnings being treated as errors
configure:5431: $? = 1
configure: failed program was:
| /* confdefs.h */
| #define PACKAGE_NAME "core"
| #define PACKAGE_TARNAME "core"
| #define PACKAGE_VERSION "4.7"
| #define PACKAGE_STRING "core 4.7"
| #define PACKAGE_BUGREPORT "core-dev@pf.itd.nrl.navy.mil"
| #define PACKAGE_URL ""
| #define PACKAGE "core"
| #define VERSION "4.7"
| #define STDC_HEADERS 1
| #define HAVE_SYS_TYPES_H 1
| #define HAVE_SYS_STAT_H 1
| #define HAVE_STDLIB_H 1
| #define HAVE_STRING_H 1
| #define HAVE_MEMORY_H 1
| #define HAVE_STRINGS_H 1
| #define HAVE_INTTYPES_H 1
| #define HAVE_STDINT_H 1
| #define HAVE_UNISTD_H 1
| #define HAVE_ARPA_INET_H 1
| #define HAVE_FCNTL_H 1
| #define HAVE_LIMITS_H 1
| #define HAVE_STDINT_H 1
| #define HAVE_STDLIB_H 1
| #define HAVE_STRING_H 1
| #define HAVE_SYS_IOCTL_H 1
| #define HAVE_SYS_MOUNT_H 1
| #define HAVE_SYS_SOCKET_H 1
| #define HAVE_SYS_TIME_H 1
| #define HAVE_TERMIOS_H 1
| #define HAVE_UNISTD_H 1
| /* end confdefs.h.  */
| #include <stdio.h>
| #ifdef HAVE_SYS_TYPES_H
| # include <sys/types.h>
| #endif
| #ifdef HAVE_SYS_STAT_H
| # include <sys/stat.h>
| #endif
| #ifdef STDC_HEADERS
| # include <stdlib.h>
| # include <stddef.h>
| #else
| # ifdef HAVE_STDLIB_H
| #  include <stdlib.h>
| # endif
| #endif
| #ifdef HAVE_STRING_H
| # if !defined STDC_HEADERS && defined HAVE_MEMORY_H
| #  include <memory.h>
| # endif
| # include <string.h>
| #endif
| #ifdef HAVE_STRINGS_H
| # include <strings.h>
| #endif
| #ifdef HAVE_INTTYPES_H
| # include <inttypes.h>
| #endif
| #ifdef HAVE_STDINT_H
| # include <stdint.h>
| #endif
| #ifdef HAVE_UNISTD_H
| # include <unistd.h>
| #endif
| int
| main ()
| {
| static int test_array [1 - 2 * !(((unsigned int) -1 >> (8 / 2 - 1)) >> (8 / 2 - 1) == 3)];
| test_array [0] = 0
| 
|   ;
|   return 0;
| }
configure:5431: gcc -c  -O3 -Werror -Wall -D_GNU_SOURCE  conftest.c >&5
conftest.c: In function 'main':
conftest.c:69:12: error: size of array 'test_array' is negative
conftest.c:69:12: error: variable 'test_array' set but not used [-Werror=unused-but-set-variable]
cc1: all warnings being treated as errors
configure:5431: $? = 1
configure: failed program was:
| /* confdefs.h */
| #define PACKAGE_NAME "core"
| #define PACKAGE_TARNAME "core"
| #define PACKAGE_VERSION "4.7"
| #define PACKAGE_STRING "core 4.7"
| #define PACKAGE_BUGREPORT "core-dev@pf.itd.nrl.navy.mil"
| #define PACKAGE_URL ""
| #define PACKAGE "core"
| #define VERSION "4.7"
| #define STDC_HEADERS 1
| #define HAVE_SYS_TYPES_H 1
| #define HAVE_SYS_STAT_H 1
| #define HAVE_STDLIB_H 1
| #define HAVE_STRING_H 1
| #define HAVE_MEMORY_H 1
| #define HAVE_STRINGS_H 1
| #define HAVE_INTTYPES_H 1
| #define HAVE_STDINT_H 1
| #define HAVE_UNISTD_H 1
| #define HAVE_ARPA_INET_H 1
| #define HAVE_FCNTL_H 1
| #define HAVE_LIMITS_H 1
| #define HAVE_STDINT_H 1
| #define HAVE_STDLIB_H 1
| #define HAVE_STRING_H 1
| #define HAVE_SYS_IOCTL_H 1
| #define HAVE_SYS_MOUNT_H 1
| #define HAVE_SYS_SOCKET_H 1
| #define HAVE_SYS_TIME_H 1
| #define HAVE_TERMIOS_H 1
| #define HAVE_UNISTD_H 1
| /* end confdefs.h.  */
| #include <stdio.h>
| #ifdef HAVE_SYS_TYPES_H
| # include <sys/types.h>
| #endif
| #ifdef HAVE_SYS_STAT_H
| # include <sys/stat.h>
| #endif
| #ifdef STDC_HEADERS
| # include <stdlib.h>
| # include <stddef.h>
| #else
| # ifdef HAVE_STDLIB_H
| #  include <stdlib.h>
| # endif
| #endif
| #ifdef HAVE_STRING_H
| # if !defined STDC_HEADERS && defined HAVE_MEMORY_H
| #  include <memory.h>
| # endif
| # include <string.h>
| #endif
| #ifdef HAVE_STRINGS_H
| # include <strings.h>
| #endif
| #ifdef HAVE_INTTYPES_H
| # include <inttypes.h>
| #endif
| #ifdef HAVE_STDINT_H
| # include <stdint.h>
| #endif
| #ifdef HAVE_UNISTD_H
| # include <unistd.h>
| #endif
| int
| main ()
| {
| static int test_array [1 - 2 * !(((unsigned long int) -1 >> (8 / 2 - 1)) >> (8 / 2 - 1) == 3)];
| test_array [0] = 0
| 
|   ;
|   return 0;
| }
configure:5431: gcc -c  -O3 -Werror -Wall -D_GNU_SOURCE  conftest.c >&5
conftest.c: In function 'main':
conftest.c:69:12: error: size of array 'test_array' is negative
conftest.c:69:12: error: variable 'test_array' set but not used [-Werror=unused-but-set-variable]
cc1: all warnings being treated as errors
configure:5431: $? = 1
configure: failed program was:
| /* confdefs.h */
| #define PACKAGE_NAME "core"
| #define PACKAGE_TARNAME "core"
| #define PACKAGE_VERSION "4.7"
| #define PACKAGE_STRING "core 4.7"
| #define PACKAGE_BUGREPORT "core-dev@pf.itd.nrl.navy.mil"
| #define PACKAGE_URL ""
| #define PACKAGE "core"
| #define VERSION "4.7"
| #define STDC_HEADERS 1
| #define HAVE_SYS_TYPES_H 1
| #define HAVE_SYS_STAT_H 1
| #define HAVE_STDLIB_H 1
| #define HAVE_STRING_H 1
| #define HAVE_MEMORY_H 1
| #define HAVE_STRINGS_H 1
| #define HAVE_INTTYPES_H 1
| #define HAVE_STDINT_H 1
| #define HAVE_UNISTD_H 1
| #define HAVE_ARPA_INET_H 1
| #define HAVE_FCNTL_H 1
| #define HAVE_LIMITS_H 1
| #define HAVE_STDINT_H 1
| #define HAVE_STDLIB_H 1
| #define HAVE_STRING_H 1
| #define HAVE_SYS_IOCTL_H 1
| #define HAVE_SYS_MOUNT_H 1
| #define HAVE_SYS_SOCKET_H 1
| #define HAVE_SYS_TIME_H 1
| #define HAVE_TERMIOS_H 1
| #define HAVE_UNISTD_H 1
| /* end confdefs.h.  */
| #include <stdio.h>
| #ifdef HAVE_SYS_TYPES_H
| # include <sys/types.h>
| #endif
| #ifdef HAVE_SYS_STAT_H
| # include <sys/stat.h>
| #endif
| #ifdef STDC_HEADERS
| # include <stdlib.h>
| # include <stddef.h>
| #else
| # ifdef HAVE_STDLIB_H
| #  include <stdlib.h>
| # endif
| #endif
| #ifdef HAVE_STRING_H
| # if !defined STDC_HEADERS && defined HAVE_MEMORY_H
| #  include <memory.h>
| # endif
| # include <string.h>
| #endif
| #ifdef HAVE_STRINGS_H
| # include <strings.h>
| #endif
| #ifdef HAVE_INTTYPES_H
| # include <inttypes.h>
| #endif
| #ifdef HAVE_STDINT_H
| # include <stdint.h>
| #endif
| #ifdef HAVE_UNISTD_H
| # include <unistd.h>
| #endif
| int
| main ()
| {
| static int test_array [1 - 2 * !(((unsigned long long int) -1 >> (8 / 2 - 1)) >> (8 / 2 - 1) == 3)];
| test_array [0] = 0
| 
|   ;
|   return 0;
| }
configure:5431: gcc -c  -O3 -Werror -Wall -D_GNU_SOURCE  conftest.c >&5
conftest.c: In function 'main':
conftest.c:69:12: error: size of array 'test_array' is negative
conftest.c:69:12: error: variable 'test_array' set but not used [-Werror=unused-but-set-variable]
cc1: all warnings being treated as errors
configure:5431: $? = 1
configure: failed program was:
| /* confdefs.h */
| #define PACKAGE_NAME "core"
| #define PACKAGE_TARNAME "core"
| #define PACKAGE_VERSION "4.7"
| #define PACKAGE_STRING "core 4.7"
| #define PACKAGE_BUGREPORT "core-dev@pf.itd.nrl.navy.mil"
| #define PACKAGE_URL ""
| #define PACKAGE "core"
| #define VERSION "4.7"
| #define STDC_HEADERS 1
| #define HAVE_SYS_TYPES_H 1
| #define HAVE_SYS_STAT_H 1
| #define HAVE_STDLIB_H 1
| #define HAVE_STRING_H 1
| #define HAVE_MEMORY_H 1
| #define HAVE_STRINGS_H 1
| #define HAVE_INTTYPES_H 1
| #define HAVE_STDINT_H 1
| #define HAVE_UNISTD_H 1
| #define HAVE_ARPA_INET_H 1
| #define HAVE_FCNTL_H 1
| #define HAVE_LIMITS_H 1
| #define HAVE_STDINT_H 1
| #define HAVE_STDLIB_H 1
| #define HAVE_STRING_H 1
| #define HAVE_SYS_IOCTL_H 1
| #define HAVE_SYS_MOUNT_H 1
| #define HAVE_SYS_SOCKET_H 1
| #define HAVE_SYS_TIME_H 1
| #define HAVE_TERMIOS_H 1
| #define HAVE_UNISTD_H 1
| /* end confdefs.h.  */
| #include <stdio.h>
| #ifdef HAVE_SYS_TYPES_H
| # include <sys/types.h>
| #endif
| #ifdef HAVE_SYS_STAT_H
| # include <sys/stat.h>
| #endif
| #ifdef STDC_HEADERS
| # include <stdlib.h>
| # include <stddef.h>
| #else
| # ifdef HAVE_STDLIB_H
| #  include <stdlib.h>
| # endif
| #endif
| #ifdef HAVE_STRING_H
| # if !defined STDC_HEADERS && defined HAVE_MEMORY_H
| #  include <memory.h>
| # endif
| # include <string.h>
| #endif
| #ifdef HAVE_STRINGS_H
| # include <strings.h>
| #endif
| #ifdef HAVE_INTTYPES_H
| # include <inttypes.h>
| #endif
| #ifdef HAVE_STDINT_H
| # include <stdint.h>
| #endif
| #ifdef HAVE_UNISTD_H
| # include <unistd.h>
| #endif
| int
| main ()
| {
| static int test_array [1 - 2 * !(((unsigned short int) -1 >> (8 / 2 - 1)) >> (8 / 2 - 1) == 3)];
| test_array [0] = 0
| 
|   ;
|   return 0;
| }
configure:5431: gcc -c  -O3 -Werror -Wall -D_GNU_SOURCE  conftest.c >&5
conftest.c: In function 'main':
conftest.c:69:12: error: variable 'test_array' set but not used [-Werror=unused-but-set-variable]
cc1: all warnings being treated as errors
configure:5431: $? = 1
configure: failed program was:
| /* confdefs.h */
| #define PACKAGE_NAME "core"
| #define PACKAGE_TARNAME "core"
| #define PACKAGE_VERSION "4.7"
| #define PACKAGE_STRING "core 4.7"
| #define PACKAGE_BUGREPORT "core-dev@pf.itd.nrl.navy.mil"
| #define PACKAGE_URL ""
| #define PACKAGE "core"
| #define VERSION "4.7"
| #define STDC_HEADERS 1
| #define HAVE_SYS_TYPES_H 1
| #define HAVE_SYS_STAT_H 1
| #define HAVE_STDLIB_H 1
| #define HAVE_STRING_H 1
| #define HAVE_MEMORY_H 1
| #define HAVE_STRINGS_H 1
| #define HAVE_INTTYPES_H 1
| #define HAVE_STDINT_H 1
| #define HAVE_UNISTD_H 1
| #define HAVE_ARPA_INET_H 1
| #define HAVE_FCNTL_H 1
| #define HAVE_LIMITS_H 1
| #define HAVE_STDINT_H 1
| #define HAVE_STDLIB_H 1
| #define HAVE_STRING_H 1
| #define HAVE_SYS_IOCTL_H 1
| #define HAVE_SYS_MOUNT_H 1
| #define HAVE_SYS_SOCKET_H 1
| #define HAVE_SYS_TIME_H 1
| #define HAVE_TERMIOS_H 1
| #define HAVE_UNISTD_H 1
| /* end confdefs.h.  */
| #include <stdio.h>
| #ifdef HAVE_SYS_TYPES_H
| # include <sys/types.h>
| #endif
| #ifdef HAVE_SYS_STAT_H
| # include <sys/stat.h>
| #endif
| #ifdef STDC_HEADERS
| # include <stdlib.h>
| # include <stddef.h>
| #else
| # ifdef HAVE_STDLIB_H
| #  include <stdlib.h>
| # endif
| #endif
| #ifdef HAVE_STRING_H
| # if !defined STDC_HEADERS && defined HAVE_MEMORY_H
| #  include <memory.h>
| # endif
| # include <string.h>
| #endif
| #ifdef HAVE_STRINGS_H
| # include <strings.h>
| #endif
| #ifdef HAVE_INTTYPES_H
| # include <inttypes.h>
| #endif
| #ifdef HAVE_STDINT_H
| # include <stdint.h>
| #endif
| #ifdef HAVE_UNISTD_H
| # include <unistd.h>
| #endif
| int
| main ()
| {
| static int test_array [1 - 2 * !(((unsigned char) -1 >> (8 / 2 - 1)) >> (8 / 2 - 1) == 3)];
| test_array [0] = 0
| 
|   ;
|   return 0;
| }
configure:5431: result: no
configure:5449: checking vfork.h usability
configure:5449: gcc -c  -O3 -Werror -Wall -D_GNU_SOURCE  conftest.c >&5
conftest.c:66:19: fatal error: vfork.h: No such file or directory
compilation terminated.
configure:5449: $? = 1
configure: failed program was:
| /* confdefs.h */
| #define PACKAGE_NAME "core"
| #define PACKAGE_TARNAME "core"
| #define PACKAGE_VERSION "4.7"
| #define PACKAGE_STRING "core 4.7"
| #define PACKAGE_BUGREPORT "core-dev@pf.itd.nrl.navy.mil"
| #define PACKAGE_URL ""
| #define PACKAGE "core"
| #define VERSION "4.7"
| #define STDC_HEADERS 1
| #define HAVE_SYS_TYPES_H 1
| #define HAVE_SYS_STAT_H 1
| #define HAVE_STDLIB_H 1
| #define HAVE_STRING_H 1
| #define HAVE_MEMORY_H 1
| #define HAVE_STRINGS_H 1
| #define HAVE_INTTYPES_H 1
| #define HAVE_STDINT_H 1
| #define HAVE_UNISTD_H 1
| #define HAVE_ARPA_INET_H 1
| #define HAVE_FCNTL_H 1
| #define HAVE_LIMITS_H 1
| #define HAVE_STDINT_H 1
| #define HAVE_STDLIB_H 1
| #define HAVE_STRING_H 1
| #define HAVE_SYS_IOCTL_H 1
| #define HAVE_SYS_MOUNT_H 1
| #define HAVE_SYS_SOCKET_H 1
| #define HAVE_SYS_TIME_H 1
| #define HAVE_TERMIOS_H 1
| #define HAVE_UNISTD_H 1
| /* end confdefs.h.  */
| #include <stdio.h>
| #ifdef HAVE_SYS_TYPES_H
| # include <sys/types.h>
| #endif
| #ifdef HAVE_SYS_STAT_H
| # include <sys/stat.h>
| #endif
| #ifdef STDC_HEADERS
| # include <stdlib.h>
| # include <stddef.h>
| #else
| # ifdef HAVE_STDLIB_H
| #  include <stdlib.h>
| # endif
| #endif
| #ifdef HAVE_STRING_H
| # if !defined STDC_HEADERS && defined HAVE_MEMORY_H
| #  include <memory.h>
| # endif
| # include <string.h>
| #endif
| #ifdef HAVE_STRINGS_H
| # include <strings.h>
| #endif
| #ifdef HAVE_INTTYPES_H
| # include <inttypes.h>
| #endif
| #ifdef HAVE_STDINT_H
| # include <stdint.h>
| #endif
| #ifdef HAVE_UNISTD_H
| # include <unistd.h>
| #endif
| #include <vfork.h>
configure:5449: result: no
configure:5449: checking vfork.h presence
configure:5449: gcc -E  conftest.c
conftest.c:33:19: fatal error: vfork.h: No such file or directory
compilation terminated.
configure:5449: $? = 1
configure: failed program was:
| /* confdefs.h */
| #define PACKAGE_NAME "core"
| #define PACKAGE_TARNAME "core"
| #define PACKAGE_VERSION "4.7"
| #define PACKAGE_STRING "core 4.7"
| #define PACKAGE_BUGREPORT "core-dev@pf.itd.nrl.navy.mil"
| #define PACKAGE_URL ""
| #define PACKAGE "core"
| #define VERSION "4.7"
| #define STDC_HEADERS 1
| #define HAVE_SYS_TYPES_H 1
| #define HAVE_SYS_STAT_H 1
| #define HAVE_STDLIB_H 1
| #define HAVE_STRING_H 1
| #define HAVE_MEMORY_H 1
| #define HAVE_STRINGS_H 1
| #define HAVE_INTTYPES_H 1
| #define HAVE_STDINT_H 1
| #define HAVE_UNISTD_H 1
| #define HAVE_ARPA_INET_H 1
| #define HAVE_FCNTL_H 1
| #define HAVE_LIMITS_H 1
| #define HAVE_STDINT_H 1
| #define HAVE_STDLIB_H 1
| #define HAVE_STRING_H 1
| #define HAVE_SYS_IOCTL_H 1
| #define HAVE_SYS_MOUNT_H 1
| #define HAVE_SYS_SOCKET_H 1
| #define HAVE_SYS_TIME_H 1
| #define HAVE_TERMIOS_H 1
| #define HAVE_UNISTD_H 1
| /* end confdefs.h.  */
| #include <vfork.h>
configure:5449: result: no
configure:5449: checking for vfork.h
configure:5449: result: no
configure:5462: checking for fork
configure:5462: gcc -o conftest  -O3 -Werror -Wall -D_GNU_SOURCE   conftest.c  >&5
conftest.c:56:6: error: conflicting types for built-in function 'fork' [-Werror]
cc1: all warnings being treated as errors
configure:5462: $? = 1
configure: failed program was:
| /* confdefs.h */
| #define PACKAGE_NAME "core"
| #define PACKAGE_TARNAME "core"
| #define PACKAGE_VERSION "4.7"
| #define PACKAGE_STRING "core 4.7"
| #define PACKAGE_BUGREPORT "core-dev@pf.itd.nrl.navy.mil"
| #define PACKAGE_URL ""
| #define PACKAGE "core"
| #define VERSION "4.7"
| #define STDC_HEADERS 1
| #define HAVE_SYS_TYPES_H 1
| #define HAVE_SYS_STAT_H 1
| #define HAVE_STDLIB_H 1
| #define HAVE_STRING_H 1
| #define HAVE_MEMORY_H 1
| #define HAVE_STRINGS_H 1
| #define HAVE_INTTYPES_H 1
| #define HAVE_STDINT_H 1
| #define HAVE_UNISTD_H 1
| #define HAVE_ARPA_INET_H 1
| #define HAVE_FCNTL_H 1
| #define HAVE_LIMITS_H 1
| #define HAVE_STDINT_H 1
| #define HAVE_STDLIB_H 1
| #define HAVE_STRING_H 1
| #define HAVE_SYS_IOCTL_H 1
| #define HAVE_SYS_MOUNT_H 1
| #define HAVE_SYS_SOCKET_H 1
| #define HAVE_SYS_TIME_H 1
| #define HAVE_TERMIOS_H 1
| #define HAVE_UNISTD_H 1
| /* end confdefs.h.  */
| /* Define fork to an innocuous variant, in case <limits.h> declares fork.
|    For example, HP-UX 11i <limits.h> declares gettimeofday.  */
| #define fork innocuous_fork
| 
| /* System header to define __stub macros and hopefully few prototypes,
|     which can conflict with char fork (); below.
|     Prefer <limits.h> to <assert.h> if __STDC__ is defined, since
|     <limits.h> exists even on freestanding compilers.  */
| 
| #ifdef __STDC__
| # include <limits.h>
| #else
| # include <assert.h>
| #endif
| 
| #undef fork
| 
| /* Override any GCC internal prototype to avoid an error.
|    Use char because int might match the return type of a GCC
|    builtin and then its argument prototype would still apply.  */
| #ifdef __cplusplus
| extern "C"
| #endif
| char fork ();
| /* The GNU C library defines this for functions which it implements
|     to always fail with ENOSYS.  Some functions are actually named
|     something starting with __ and the normal name is an alias.  */
| #if defined __stub_fork || defined __stub___fork
| choke me
| #endif
| 
| int
| main ()
| {
| return fork ();
|   ;
|   return 0;
| }
configure:5462: result: no
configure:5462: checking for vfork
configure:5462: gcc -o conftest  -O3 -Werror -Wall -D_GNU_SOURCE   conftest.c  >&5
configure:5462: $? = 0
configure:5462: result: yes
configure:5525: checking for working vfork
configure:5635: result: yes
configure:5662: checking for stdlib.h
configure:5662: result: yes
configure:5672: checking for GNU libc compatible malloc
configure:5696: gcc -o conftest  -O3 -Werror -Wall -D_GNU_SOURCE   conftest.c  >&5
configure:5696: $? = 0
configure:5696: ./conftest
configure:5696: $? = 0
configure:5706: result: yes
configure:5729: checking for stdlib.h
configure:5729: result: yes
configure:5739: checking for GNU libc compatible realloc
configure:5763: gcc -o conftest  -O3 -Werror -Wall -D_GNU_SOURCE   conftest.c  >&5
configure:5763: $? = 0
configure:5763: ./conftest
configure:5763: $? = 0
configure:5773: result: yes
configure:5797: checking for atexit
configure:5797: gcc -o conftest  -O3 -Werror -Wall -D_GNU_SOURCE   conftest.c  >&5
configure:5797: $? = 0
configure:5797: result: yes
configure:5797: checking for dup2
configure:5797: gcc -o conftest  -O3 -Werror -Wall -D_GNU_SOURCE   conftest.c  >&5
configure:5797: $? = 0
configure:5797: result: yes
configure:5797: checking for gettimeofday
configure:5797: gcc -o conftest  -O3 -Werror -Wall -D_GNU_SOURCE   conftest.c  >&5
configure:5797: $? = 0
configure:5797: result: yes
configure:5797: checking for memset
configure:5797: gcc -o conftest  -O3 -Werror -Wall -D_GNU_SOURCE   conftest.c  >&5
conftest.c:65:6: error: conflicting types for built-in function 'memset' [-Werror]
cc1: all warnings being treated as errors
configure:5797: $? = 1
configure: failed program was:
| /* confdefs.h */
| #define PACKAGE_NAME "core"
| #define PACKAGE_TARNAME "core"
| #define PACKAGE_VERSION "4.7"
| #define PACKAGE_STRING "core 4.7"
| #define PACKAGE_BUGREPORT "core-dev@pf.itd.nrl.navy.mil"
| #define PACKAGE_URL ""
| #define PACKAGE "core"
| #define VERSION "4.7"
| #define STDC_HEADERS 1
| #define HAVE_SYS_TYPES_H 1
| #define HAVE_SYS_STAT_H 1
| #define HAVE_STDLIB_H 1
| #define HAVE_STRING_H 1
| #define HAVE_MEMORY_H 1
| #define HAVE_STRINGS_H 1
| #define HAVE_INTTYPES_H 1
| #define HAVE_STDINT_H 1
| #define HAVE_UNISTD_H 1
| #define HAVE_ARPA_INET_H 1
| #define HAVE_FCNTL_H 1
| #define HAVE_LIMITS_H 1
| #define HAVE_STDINT_H 1
| #define HAVE_STDLIB_H 1
| #define HAVE_STRING_H 1
| #define HAVE_SYS_IOCTL_H 1
| #define HAVE_SYS_MOUNT_H 1
| #define HAVE_SYS_SOCKET_H 1
| #define HAVE_SYS_TIME_H 1
| #define HAVE_TERMIOS_H 1
| #define HAVE_UNISTD_H 1
| #define HAVE_VFORK 1
| #define HAVE_WORKING_VFORK 1
| #define HAVE_STDLIB_H 1
| #define HAVE_MALLOC 1
| #define HAVE_STDLIB_H 1
| #define HAVE_REALLOC 1
| #define HAVE_ATEXIT 1
| #define HAVE_DUP2 1
| #define HAVE_GETTIMEOFDAY 1
| /* end confdefs.h.  */
| /* Define memset to an innocuous variant, in case <limits.h> declares memset.
|    For example, HP-UX 11i <limits.h> declares gettimeofday.  */
| #define memset innocuous_memset
| 
| /* System header to define __stub macros and hopefully few prototypes,
|     which can conflict with char memset (); below.
|     Prefer <limits.h> to <assert.h> if __STDC__ is defined, since
|     <limits.h> exists even on freestanding compilers.  */
| 
| #ifdef __STDC__
| # include <limits.h>
| #else
| # include <assert.h>
| #endif
| 
| #undef memset
| 
| /* Override any GCC internal prototype to avoid an error.
|    Use char because int might match the return type of a GCC
|    builtin and then its argument prototype would still apply.  */
| #ifdef __cplusplus
| extern "C"
| #endif
| char memset ();
| /* The GNU C library defines this for functions which it implements
|     to always fail with ENOSYS.  Some functions are actually named
|     something starting with __ and the normal name is an alias.  */
| #if defined __stub_memset || defined __stub___memset
| choke me
| #endif
| 
| int
| main ()
| {
| return memset ();
|   ;
|   return 0;
| }
configure:5797: result: no
configure:5797: checking for socket
configure:5797: gcc -o conftest  -O3 -Werror -Wall -D_GNU_SOURCE   conftest.c  >&5
configure:5797: $? = 0
configure:5797: result: yes
configure:5797: checking for strerror
configure:5797: gcc -o conftest  -O3 -Werror -Wall -D_GNU_SOURCE   conftest.c  >&5
configure:5797: $? = 0
configure:5797: result: yes
configure:5797: checking for uname
configure:5797: gcc -o conftest  -O3 -Werror -Wall -D_GNU_SOURCE   conftest.c  >&5
configure:5797: $? = 0
configure:5797: result: yes
configure:5814: result: using architecture amd64
configure:5885: checking Python.h usability
configure:5885: gcc -c -I/usr/include/python2.7 -I/usr/include/python2.7 conftest.c >&5
In file included from /usr/include/python2.7/Python.h:8:0,
                 from conftest.c:78:
/usr/include/python2.7/pyconfig.h:1161:0: warning: "_POSIX_C_SOURCE" redefined [enabled by default]
/usr/include/features.h:215:0: note: this is the location of the previous definition
configure:5885: $? = 0
configure:5885: result: yes
configure:5885: checking Python.h presence
configure:5885: gcc -E -I/usr/include/python2.7 conftest.c
configure:5885: $? = 0
configure:5885: result: yes
configure:5885: checking for Python.h
configure:5885: result: yes
configure:5953: checking for pkg-config
configure:5971: found /usr/bin/pkg-config
configure:5983: result: /usr/bin/pkg-config
configure:6008: checking pkg-config is at least version 0.9.0
configure:6011: result: yes
configure:6021: checking for libev
configure:6028: $PKG_CONFIG --exists --print-errors "libev"
Package libev was not found in the pkg-config search path.
Perhaps you should add the directory containing `libev.pc'
to the PKG_CONFIG_PATH environment variable
No package 'libev' found
configure:6031: $? = 1
configure:6045: $PKG_CONFIG --exists --print-errors "libev"
Package libev was not found in the pkg-config search path.
Perhaps you should add the directory containing `libev.pc'
to the PKG_CONFIG_PATH environment variable
No package 'libev' found
configure:6048: $? = 1
configure:6062: result: no
No package 'libev' found
configure:6078: result: did not find libev using pkconfig...
configure:6080: checking for ev_set_allocator in -lev
configure:6105: gcc -o conftest  -O3 -Werror -Wall -D_GNU_SOURCE   conftest.c -lev   >&5
configure:6105: $? = 0
configure:6114: result: yes
configure:6117: result: found libev OK
configure:6236: result: using startup option initd
configure:6492: creating ./config.status

## ---------------------- ##
## Running config.status. ##
## ---------------------- ##

This file was extended by core config.status 4.7, which was
generated by GNU Autoconf 2.68.  Invocation command line was

  CONFIG_FILES    = 
  CONFIG_HEADERS  = 
  CONFIG_LINKS    = 
  CONFIG_COMMANDS = 
  $ ./config.status 

on jlamps-Studio-XPS-9100

config.status:969: creating Makefile
config.status:969: creating gui/core-gui
config.status:969: creating gui/version.tcl
config.status:969: creating gui/Makefile
config.status:969: creating gui/icons/Makefile
config.status:969: creating scripts/Makefile
config.status:969: creating scripts/perf/Makefile
config.status:969: creating scripts/xen/Makefile
config.status:969: creating doc/Makefile
config.status:969: creating doc/conf.py
config.status:969: creating doc/man/Makefile
config.status:969: creating doc/figures/Makefile
config.status:969: creating daemon/Makefile
config.status:969: creating daemon/src/Makefile
config.status:969: creating daemon/src/version.h
config.status:969: creating daemon/core/constants.py
config.status:969: creating daemon/ns3/Makefile
config.status:969: creating daemon/ns3/corens3/constants.py
config.status:969: creating daemon/doc/Makefile
config.status:969: creating daemon/doc/conf.py
config.status:969: creating packaging/deb/core-daemon.install
config.status:969: creating packaging/deb/core-gui.install
config.status:969: creating packaging/rpm/core.spec
config.status:969: creating config.h
config.status:1198: executing depfiles commands

## ---------------- ##
## Cache variables. ##
## ---------------- ##

ac_cv_c_compiler_gnu=yes
ac_cv_c_inline=inline
ac_cv_c_int32_t=no
ac_cv_c_uint32_t=no
ac_cv_c_uint8_t=no
ac_cv_env_CC_set=
ac_cv_env_CC_value=
ac_cv_env_CFLAGS_set=
ac_cv_env_CFLAGS_value=
ac_cv_env_CPPFLAGS_set=
ac_cv_env_CPPFLAGS_value=
ac_cv_env_CPP_set=
ac_cv_env_CPP_value=
ac_cv_env_LDFLAGS_set=
ac_cv_env_LDFLAGS_value=
ac_cv_env_LIBS_set=
ac_cv_env_LIBS_value=
ac_cv_env_PKG_CONFIG_LIBDIR_set=
ac_cv_env_PKG_CONFIG_LIBDIR_value=
ac_cv_env_PKG_CONFIG_PATH_set=
ac_cv_env_PKG_CONFIG_PATH_value=
ac_cv_env_PKG_CONFIG_set=
ac_cv_env_PKG_CONFIG_value=
ac_cv_env_PYTHON_set=
ac_cv_env_PYTHON_value=
ac_cv_env_build_alias_set=
ac_cv_env_build_alias_value=
ac_cv_env_host_alias_set=
ac_cv_env_host_alias_value=
ac_cv_env_libev_CFLAGS_set=
ac_cv_env_libev_CFLAGS_value=
ac_cv_env_libev_LIBS_set=
ac_cv_env_libev_LIBS_value=
ac_cv_env_target_alias_set=
ac_cv_env_target_alias_value=
ac_cv_func_atexit=yes
ac_cv_func_dup2=yes
ac_cv_func_fork=no
ac_cv_func_fork_works=no
ac_cv_func_gettimeofday=yes
ac_cv_func_malloc_0_nonnull=yes
ac_cv_func_memset=no
ac_cv_func_realloc_0_nonnull=yes
ac_cv_func_socket=yes
ac_cv_func_strerror=yes
ac_cv_func_uname=yes
ac_cv_func_vfork=yes
ac_cv_func_vfork_works=yes
ac_cv_header_Python_h=yes
ac_cv_header_arpa_inet_h=yes
ac_cv_header_fcntl_h=yes
ac_cv_header_inttypes_h=yes
ac_cv_header_limits_h=yes
ac_cv_header_memory_h=yes
ac_cv_header_stdc=yes
ac_cv_header_stdint_h=yes
ac_cv_header_stdlib_h=yes
ac_cv_header_string_h=yes
ac_cv_header_strings_h=yes
ac_cv_header_sys_ioctl_h=yes
ac_cv_header_sys_mount_h=yes
ac_cv_header_sys_socket_h=yes
ac_cv_header_sys_stat_h=yes
ac_cv_header_sys_time_h=yes
ac_cv_header_sys_types_h=yes
ac_cv_header_termios_h=yes
ac_cv_header_unistd_h=yes
ac_cv_header_vfork_h=no
ac_cv_lib_ev_ev_set_allocator=yes
ac_cv_lib_netgraph_NgMkSockNode=no
ac_cv_objext=o
ac_cv_path_EGREP='/bin/grep -E'
ac_cv_path_GREP=/bin/grep
ac_cv_path_PYTHON=/usr/bin/python
ac_cv_path_ac_pt_PKG_CONFIG=/usr/bin/pkg-config
ac_cv_path_install='/usr/bin/install -c'
ac_cv_path_mkdir=/bin/mkdir
ac_cv_prog_AWK=gawk
ac_cv_prog_CPP='gcc -E'
ac_cv_prog_ac_ct_CC=gcc
ac_cv_prog_ac_ct_RANLIB=ranlib
ac_cv_prog_brctl_path=/sbin
ac_cv_prog_cc_c89=
ac_cv_prog_cc_g=yes
ac_cv_prog_convert=yes
ac_cv_prog_ebtables_path=/sbin
ac_cv_prog_help2man=yes
ac_cv_prog_ifconfig_path=/sbin
ac_cv_prog_ip_path=/sbin
ac_cv_prog_make_make_set=yes
ac_cv_prog_mount_path=/bin
ac_cv_prog_ngctl_path=no
ac_cv_prog_sysctl_path=/sbin
ac_cv_prog_tc_path=/sbin
ac_cv_prog_umount_path=/bin
ac_cv_prog_vimage_path=no
ac_cv_type_pid_t=yes
ac_cv_type_size_t=yes
ac_cv_type_ssize_t=yes
am_cv_CC_dependencies_compiler_type=gcc3
am_cv_pathless_PYTHON=python
am_cv_python_platform=linux2
am_cv_python_pyexecdir='${exec_prefix}/lib/python2.7/dist-packages'
am_cv_python_pythondir='${prefix}/lib/python2.7/dist-packages'
am_cv_python_version=2.7

## ----------------- ##
## Output variables. ##
## ----------------- ##

ACLOCAL='${SHELL} /home/jlamps/Downloads/core-4.7/config/missing --run aclocal-1.11'
AMDEPBACKSLASH='\'
AMDEP_FALSE='#'
AMDEP_TRUE=''
AMTAR='$${TAR-tar}'
ARCH='amd64'
AUTOCONF='${SHELL} /home/jlamps/Downloads/core-4.7/config/missing --run autoconf'
AUTOHEADER='${SHELL} /home/jlamps/Downloads/core-4.7/config/missing --run autoheader'
AUTOMAKE='${SHELL} /home/jlamps/Downloads/core-4.7/config/missing --run automake-1.11'
AWK='gawk'
BINDIR='/usr/local/bin'
CC='gcc'
CCDEPMODE='depmode=gcc3'
CFLAGS=' -O3 -Werror -Wall -D_GNU_SOURCE'
COREDPY_VERSION='4.7'
CORE_CONF_DIR='/etc/core'
CORE_DATA_DIR='/usr/local/share/core'
CORE_GUI_CONF_DIR='${HOME}/.core'
CORE_LIB_DIR='/usr/local/lib/core'
CORE_STATE_DIR='/var'
CORE_VERSION='4.7'
CORE_VERSION_DATE='20140806'
CPP='gcc -E'
CPPFLAGS=''
CYGPATH_W='echo'
DEFS='-DHAVE_CONFIG_H'
DEPDIR='.deps'
ECHO_C=''
ECHO_N='-n'
ECHO_T=''
EGREP='/bin/grep -E'
EXEEXT=''
GREP='/bin/grep'
HELP2MAN='${SHELL} /home/jlamps/Downloads/core-4.7/config/missing --run help2man'
INSTALL_DATA='${INSTALL} -m 644'
INSTALL_PROGRAM='${INSTALL}'
INSTALL_SCRIPT='${INSTALL}'
INSTALL_STRIP_PROGRAM='$(install_sh) -c -s'
LDFLAGS=''
LIBOBJS=''
LIBS=''
LIB_DIR='/usr/local/lib'
LTLIBOBJS=''
MAKEINFO='${SHELL} /home/jlamps/Downloads/core-4.7/config/missing --run makeinfo'
MKDIR_P='/bin/mkdir -p'
OBJEXT='o'
PACKAGE='core'
PACKAGE_BUGREPORT='core-dev@pf.itd.nrl.navy.mil'
PACKAGE_NAME='core'
PACKAGE_STRING='core 4.7'
PACKAGE_TARNAME='core'
PACKAGE_URL=''
PACKAGE_VERSION='4.7'
PATH_SEPARATOR=':'
PKG_CONFIG='/usr/bin/pkg-config'
PKG_CONFIG_LIBDIR=''
PKG_CONFIG_PATH=''
PYTHON='/usr/bin/python'
PYTHON_EXEC_PREFIX='${exec_prefix}'
PYTHON_PLATFORM='linux2'
PYTHON_PREFIX='${prefix}'
PYTHON_VERSION='2.7'
RANLIB='ranlib'
SBINDIR='/usr/local/sbin'
SET_MAKE=''
SHELL='/bin/bash'
STRIP=''
VERSION='4.7'
WANT_BSD_FALSE=''
WANT_BSD_TRUE='#'
WANT_DAEMON_FALSE='#'
WANT_DAEMON_TRUE=''
WANT_DOCS_FALSE='#'
WANT_DOCS_TRUE=''
WANT_GUI_FALSE='#'
WANT_GUI_TRUE=''
WANT_INITD_FALSE='#'
WANT_INITD_TRUE=''
WANT_NETNS_FALSE='#'
WANT_NETNS_TRUE=''
WANT_PYTHON_FALSE='#'
WANT_PYTHON_TRUE=''
WANT_SUSE_FALSE=''
WANT_SUSE_TRUE='#'
WANT_SYSTEMD_FALSE=''
WANT_SYSTEMD_TRUE='#'
ac_ct_CC='gcc'
am__EXEEXT_FALSE=''
am__EXEEXT_TRUE='#'
am__fastdepCC_FALSE='#'
am__fastdepCC_TRUE=''
am__include='include'
am__isrc=''
am__leading_dot='.'
am__nodep='_no'
am__quote=''
am__tar='$${TAR-tar} chof - "$$tardir"'
am__untar='$${TAR-tar} xf -'
bindir='${exec_prefix}/bin'
brctl_path='/sbin'
build_alias=''
convert='yes'
datadir='${datarootdir}'
datarootdir='/usr/local/share'
docdir='${datarootdir}/doc/${PACKAGE_TARNAME}'
dvidir='${docdir}'
ebtables_path='/sbin'
enable_daemon='yes'
enable_gui='yes'
exec_prefix='${prefix}'
gmake=''
help2man='yes'
host_alias=''
htmldir='${docdir}'
ifconfig_path='/sbin'
includedir='${prefix}/include'
infodir='${datarootdir}/info'
install_sh='${SHELL} /home/jlamps/Downloads/core-4.7/config/install-sh'
ip_path='/sbin'
libdir='/usr/local/lib'
libev_CFLAGS=''
libev_LIBS='-lev'
libexecdir='${exec_prefix}/libexec'
localedir='${datarootdir}/locale'
localstatedir='${prefix}/var'
mandir='${datarootdir}/man'
mkdir_p='/bin/mkdir -p'
mount_path='/bin'
ngctl_path='no'
oldincludedir='/usr/include'
pdfdir='${docdir}'
pkgpyexecdir='${pyexecdir}/core'
pkgpythondir='${pythondir}/core'
prefix='/usr/local'
program_transform_name='s,x,x,'
psdir='${docdir}'
pyexecdir='${exec_prefix}/lib/python2.7/dist-packages'
pythondir='${prefix}/lib/python2.7/dist-packages'
sbindir='${exec_prefix}/sbin'
sharedstatedir='${prefix}/com'
sysconfdir='/etc'
sysctl_path='/sbin'
target_alias=''
tc_path='/sbin'
umount_path='/bin'
vimage_path='no'
with_startup='initd'

## ----------- ##
## confdefs.h. ##
## ----------- ##

/* confdefs.h */
#define PACKAGE_NAME "core"
#define PACKAGE_TARNAME "core"
#define PACKAGE_VERSION "4.7"
#define PACKAGE_STRING "core 4.7"
#define PACKAGE_BUGREPORT "core-dev@pf.itd.nrl.navy.mil"
#define PACKAGE_URL ""
#define PACKAGE "core"
#define VERSION "4.7"
#define STDC_HEADERS 1
#define HAVE_SYS_TYPES_H 1
#define HAVE_SYS_STAT_H 1
#define HAVE_STDLIB_H 1
#define HAVE_STRING_H 1
#define HAVE_MEMORY_H 1
#define HAVE_STRINGS_H 1
#define HAVE_INTTYPES_H 1
#define HAVE_STDINT_H 1
#define HAVE_UNISTD_H 1
#define HAVE_ARPA_INET_H 1
#define HAVE_FCNTL_H 1
#define HAVE_LIMITS_H 1
#define HAVE_STDINT_H 1
#define HAVE_STDLIB_H 1
#define HAVE_STRING_H 1
#define HAVE_SYS_IOCTL_H 1
#define HAVE_SYS_MOUNT_H 1
#define HAVE_SYS_SOCKET_H 1
#define HAVE_SYS_TIME_H 1
#define HAVE_TERMIOS_H 1
#define HAVE_UNISTD_H 1
#define HAVE_VFORK 1
#define HAVE_WORKING_VFORK 1
#define HAVE_STDLIB_H 1
#define HAVE_MALLOC 1
#define HAVE_STDLIB_H 1
#define HAVE_REALLOC 1
#define HAVE_ATEXIT 1
#define HAVE_DUP2 1
#define HAVE_GETTIMEOFDAY 1
#define HAVE_SOCKET 1
#define HAVE_STRERROR 1
#define HAVE_UNAME 1
#define HAVE_PYTHON_H 1

configure: exit 0
